0
[[-1.74258525 -1.80197396]]
[[1.86418955 2.04864221]]
1
[[-1.33844114 -1.53307948]]
[[1.78242527 2.34542012]]
2
[[-1.17455016 -2.12296238]]
[[1.39673209 2.29708486]]
3
[[-1.54186659 -2.84276487]]
[[1.20701443 2.70729927]]
4
[[-1.13453869 -2.71606338]]
[[0.5812631  2.59192212]]
5
[[-1.1772144 -3.0579662]]
[[-0.37639774  2.63438729]]
6
[[-1.20365073 -2.90094242]]
[[-0.38824604  2.26258916]]
7
[[-1.15697619 -3.27367659]]
[[-0.3894855   2.33588757]]
8
[[-0.954389   -3.75007287]]
[[-0.16686605  3.09149127]]
9
[[-0.84372822 -3.27913616]]
[[-0.59553944  2.84094674]]
10
[[-0.37690471 -3.58421505]]
[[-0.74145103  2.99486938]]
11
[[-0.28934581 -2.99166054]]
[[-0.98424453  2.93744535]]
12
[[-0.63594198 -2.7394734 ]]
[[-0.80580259  2.69306159]]
13
[[-0.06538707 -3.02898501]]
[[-0.61772038  2.28638188]]
14
[[ 0.20699296 -2.92780721]]
[[-0.86956953  1.77756797]]
15
[[ 0.14872955 -2.82850749]]
[[-0.60769513  2.07776749]]
16
[[ 0.40169157 -2.73314374]]
[[-0.40292275  1.51593358]]
17
[[ 0.62023486 -2.83192389]]
[[-0.24642744  1.47554437]]
18
[[ 1.03914622 -3.09105991]]
[[-0.35516527  1.42888757]]
19
[[ 0.90451408 -3.10993493]]
[[-0.41673691  1.64122513]]
20
[[ 0.75006672 -3.11243469]]
[[-0.50883913  2.32333095]]
21
[[ 0.63890966 -3.39275895]]
[[-0.75305284  2.70910288]]
22
[[ 0.76906583 -3.124336  ]]
[[-0.90926545  1.74741584]]
23
[[ 0.70394936 -2.67616159]]
[[-0.89265838  1.36779702]]
24
[[ 0.40390167 -2.0105282 ]]
[[-1.18355041  1.04131288]]
25
[[ 0.41662352 -1.87958681]]
[[-1.32369643  0.1710961 ]]
26
[[ 0.50072208 -2.17306265]]
[[-0.69095598  0.26691844]]
27
[[ 0.75062273 -2.16283759]]
[[-0.65364216  0.39388714]]
28
[[ 0.76363811 -2.20405433]]
[[-0.62530438  0.27294519]]
29
[[ 1.17121834 -2.81380812]]
[[-0.54021279  0.60912584]]
30
[[ 1.06089417 -2.32141954]]
[[0.11733063 0.89769707]]
31
[[ 0.96433825 -2.61947377]]
[[0.01242092 0.74716979]]
32
[[ 1.15398144 -2.65166455]]
[[0.01390305 0.69267489]]
33
[[ 1.18511421 -2.94167927]]
[[0.06400681 0.59437951]]
34
[[ 1.04098198 -3.31391506]]
[[0.51344692 0.41880095]]
35
[[ 0.59662833 -2.61998   ]]
[[0.93530206 0.40336282]]
36
[[ 0.88004586 -2.48719873]]
[[0.30122575 0.00103554]]
37
[[ 0.4520191  -2.41398548]]
[[0.75757996 0.01884922]]
38
[[ 0.78747206 -2.62534244]]
[[0.20903058 0.27002434]]
39
[[ 0.67995708 -2.07752148]]
[[ 0.11196417 -0.05670279]]
40
[[ 0.49813893 -2.13538485]]
[[ 0.14783439 -0.57357893]]
41
[[ 0.69407467 -2.37151975]]
[[ 0.42952752 -0.51610929]]
42
[[ 0.85689068 -2.86335511]]
[[0.49036896 0.18650893]]
43
[[ 1.05824314 -2.42923312]]
[[ 0.18722005 -0.05866896]]
44
[[ 0.77887181 -1.94097069]]
[[ 0.22549694 -0.81523483]]
45
[[ 0.65611892 -2.5753776 ]]
[[ 0.04025083 -0.74065786]]
46
[[ 0.27425347 -2.61908184]]
[[ 0.12005748 -0.7635526 ]]
47
[[ 0.05937967 -2.33739507]]
[[ 0.44149753 -0.2212207 ]]
48
[[-0.05344535 -2.25670654]]
[[ 0.50407334 -1.05002235]]
49
[[-0.45242532 -1.86917802]]
[[ 0.67397556 -0.76525796]]
50
[[-0.77598239 -2.49508195]]
[[ 0.96128938 -0.87061266]]
51
[[-0.82100243 -2.56844282]]
[[ 0.71937953 -0.23624167]]
52
[[-0.93621568 -2.88744387]]
[[ 0.23896287 -0.27309172]]
53
[[-1.09955241 -2.97126417]]
[[-0.09734871 -0.1691429 ]]
54
[[-0.963159   -2.74116569]]
[[0.51984086 0.08934909]]
55
[[-0.70151422 -2.4358653 ]]
[[ 0.36435906 -0.53943259]]
56
[[-0.78986756 -2.73404987]]
[[ 0.52313643 -0.41294486]]
57
[[-1.07962305 -2.62691676]]
[[ 0.85798408 -0.73186147]]
58
[[-1.54199817 -2.2766968 ]]
[[ 0.83301343 -1.02515854]]
59
[[-1.48607915 -2.16588703]]
[[ 0.79665674 -1.19674659]]
60
[[-1.77365705 -2.70020755]]
[[ 0.75421939 -1.11796536]]
61
[[-1.4867754  -2.10810329]]
[[ 0.67813207 -1.55783135]]
62
[[-1.45273396 -2.03495115]]
[[ 0.77045534 -1.17800795]]
63
[[-1.67819461 -1.7368618 ]]
[[ 0.20760617 -0.97267856]]
64
[[-1.68430384 -1.16673982]]
[[ 0.77706965 -1.48209717]]
65
[[-1.72144287 -0.96529129]]
[[ 0.72869723 -2.49241995]]
66
[[-1.68987832 -1.2000505 ]]
[[ 0.91504033 -2.62446651]]
67
[[-1.79945586 -1.34165168]]
[[ 1.20266617 -2.63886642]]
68
[[-1.6315563  -1.18419322]]
[[ 0.90314074 -2.67131023]]
69
[[-1.5291516  -1.92549052]]
[[ 0.82275345 -2.3120769 ]]
70
[[-0.91882704 -2.30647634]]
[[ 1.02118951 -2.32660701]]
71
[[-0.63239395 -2.23613346]]
[[ 0.53419768 -1.8188318 ]]
72
[[-0.73503704 -2.79164013]]
[[ 0.3817221  -2.07054437]]
73
[[-0.2854111  -2.46244817]]
[[-0.16210387 -2.33798342]]
74
[[ 0.17309183 -3.25718467]]
[[-0.38074264 -2.36785407]]
75
[[-0.33466188 -3.07829751]]
[[-0.85908583 -1.96310251]]
76
[[-0.50114083 -2.04360116]]
[[-0.4983748  -1.92362142]]
77
[[-0.92495811 -2.31200207]]
[[-0.00802938 -1.92552166]]
78
[[-1.08157967 -2.04796813]]
[[ 0.11153044 -1.88799455]]
79
[[-0.96757594 -1.74098468]]
[[ 0.26737492 -2.08584036]]
80
[[-1.20516481 -1.70924762]]
[[-0.0676541 -2.1172918]]
81
[[-1.57214211 -1.60135802]]
[[ 0.07575482 -1.99858015]]
82
[[-1.01532885 -1.62751918]]
[[-0.74124788 -2.23773429]]
83
[[-1.18160575 -1.68189958]]
[[-1.16837369 -2.54276807]]
84
[[-1.49400554 -1.81966984]]
[[-1.22435337 -1.8487415 ]]
85
[[-1.1917381  -1.49514004]]
[[-1.10126223 -2.40690306]]
86
[[-0.91522936 -1.50446063]]
[[-1.44447613 -2.55289417]]
87
[[-0.65329084 -1.17167002]]
[[-1.8257904  -2.44353627]]
88
[[-0.64566619 -0.98983256]]
[[-1.59859817 -2.51766247]]
89
[[-0.78595901 -1.22268929]]
[[-1.0351585  -2.81189317]]
90
[[-0.72351475 -1.64221047]]
[[-1.14945611 -3.17267157]]
91
[[-0.68250726 -1.89793154]]
[[-1.21872643 -2.88850538]]
92
[[-0.74502455 -2.666817  ]]
[[-1.34930797 -2.24700212]]
93
[[-0.99821763 -2.30567021]]
[[-0.83856306 -2.02020888]]
94
[[-0.95992186 -1.81202325]]
[[-1.15847379 -1.64001254]]
95
[[-1.03721911 -1.63645187]]
[[-0.84778344 -1.58565003]]
96
[[-1.38555749 -1.69787619]]
[[-0.99626787 -1.60960192]]
97
[[-1.27522242 -1.06436926]]
[[-0.66770303 -2.1792566 ]]
98
[[-1.00712459 -1.54938569]]
[[-0.48270164 -2.07612007]]
99
[[-0.96954934 -1.69095933]]
[[-0.80578844 -2.10206007]]
100
[[-0.53963282 -1.8588165 ]]
[[-0.85995398 -1.61321704]]
101
[[-0.31996205 -1.68139038]]
[[-1.21145945 -1.76745726]]
102
[[-0.37902162 -1.96255636]]
[[-1.26353503 -1.37043042]]
103
[[-0.11100023 -2.77755183]]
[[-1.38424511 -0.70718863]]
104
[[-0.13327535 -2.5734765 ]]
[[-1.61265589 -1.11346924]]
105
[[ 0.2809269  -2.62217738]]
[[-1.32941034 -1.4205978 ]]
106
[[-0.05223052 -2.11611038]]
[[-0.9026636  -1.54867552]]
107
[[ 0.07347067 -1.91086136]]
[[-1.02379244 -0.72038781]]
108
[[ 0.40115697 -2.13752808]]
[[-1.06980428 -0.74234309]]
109
[[ 0.30507809 -1.95194888]]
[[-0.55189437 -0.73491902]]
110
[[ 0.34051706 -1.69119379]]
[[-0.4191207  -0.14154824]]
111
[[ 0.29719921 -1.64030529]]
[[-0.06798707 -0.30321209]]
112
[[ 0.3843491  -2.03949756]]
[[-0.15744824 -0.11815713]]
113
[[ 0.56862628 -2.64468744]]
[[ 0.10846874 -1.02342095]]
114
[[ 0.38313522 -2.1903687 ]]
[[ 0.03142598 -1.38114215]]
115
[[ 0.66966447 -1.57749414]]
[[ 0.26060097 -1.87555921]]
116
[[ 0.58028079 -1.71644193]]
[[ 0.37242213 -2.27980632]]
117
[[ 0.89271332 -1.50734881]]
[[ 0.40350211 -2.15491647]]
118
[[ 0.92776377 -1.62951618]]
[[ 0.50485194 -1.91006585]]
119
[[ 1.06027492 -2.32334334]]
[[ 0.32957664 -1.74475178]]
120
[[ 1.23990907 -2.37325579]]
[[ 0.80605611 -1.53482155]]
121
[[ 1.09875116 -2.4715917 ]]
[[ 0.47833287 -1.33893536]]
122
[[ 1.35331182 -2.81117877]]
[[ 0.14007993 -1.53801212]]
123
[[ 1.64493889 -3.18742532]]
[[ 0.54437829 -1.86266582]]
124
[[ 1.49724161 -2.67866117]]
[[ 0.27457112 -2.0752597 ]]
125
[[ 1.23912956 -2.58410017]]
[[ 0.10061522 -1.87173773]]
126
[[ 1.39984752 -2.95891645]]
[[ 0.5898394  -1.57633749]]
127
[[ 1.38467869 -2.88917054]]
[[ 0.77424432 -1.22522467]]
128
[[ 1.44304252 -2.63374643]]
[[ 0.89592025 -1.1569247 ]]
129
[[ 1.16781416 -2.7063273 ]]
[[ 1.01487367 -0.9327844 ]]
130
[[ 0.35290637 -1.8428067 ]]
[[ 1.29343208 -0.83728883]]
131
[[ 0.32018959 -1.35697238]]
[[ 1.23381543 -0.82974374]]
132
[[ 0.16315459 -1.73017246]]
[[ 1.15895009 -0.39644966]]
133
[[ 0.85979939 -2.34135273]]
[[ 0.29259426 -0.57408524]]
134
[[ 0.7319467  -2.19977577]]
[[ 0.19337854 -0.68356661]]
135
[[ 0.90132628 -1.80666967]]
[[ 0.1755191  -0.81323504]]
136
[[ 1.07607683 -2.25210133]]
[[-0.52763611 -1.46918023]]
137
[[ 0.89722893 -2.52136324]]
[[-0.1197369  -1.18607591]]
138
[[ 1.04589945 -2.66902877]]
[[ 0.01494973 -1.29581801]]
139
[[ 1.66803712 -2.738371  ]]
[[-0.34894907 -1.29036795]]
140
[[ 1.50926659 -2.4158246 ]]
[[ 0.08905495 -1.20295267]]
141
[[ 1.29712444 -2.30166379]]
[[ 0.34983764 -1.27884548]]
142
[[ 1.40530247 -3.00004443]]
[[ 0.56276371 -0.67323482]]
143
[[ 1.38628136 -2.60483779]]
[[-0.00823907 -0.78592685]]
144
[[ 1.01425893 -2.62098649]]
[[-0.2882995  -1.09673389]]
145
[[ 0.76447918 -2.04210256]]
[[-0.10609414 -1.83186816]]
146
[[ 0.48438613 -2.8981211 ]]
[[-0.07078187 -1.4096673 ]]
147
[[ 0.32501543 -2.79109662]]
[[ 0.07012219 -1.03582855]]
148
[[ 0.58454353 -3.15951163]]
[[-0.02047938 -1.16360858]]
149
[[ 0.83599374 -3.1818394 ]]
[[-0.64544481 -1.40128268]]
150
[[ 0.77135483 -2.9435818 ]]
[[-0.33375568 -0.97425907]]
151
[[ 0.76445657 -2.80753411]]
[[-0.60739786 -1.55574206]]
152
[[ 1.41969968 -2.38317552]]
[[-0.9783371  -1.58763111]]
153
[[ 1.50379614 -2.58910973]]
[[-0.72372558 -2.08997972]]
154
[[ 1.45102752 -3.11780811]]
[[-0.4232494  -2.31827233]]
155
[[ 1.06038147 -2.43221053]]
[[-0.78459584 -2.12503674]]
156
[[ 1.02614683 -2.29940322]]
[[-0.66479273 -1.78469817]]
157
[[ 1.23071126 -2.35969151]]
[[-0.64971323 -1.66401723]]
158
[[ 1.0322194  -2.44487934]]
[[-0.7231654  -1.32570377]]
159
[[ 0.77428685 -2.27587307]]
[[-0.67902871 -1.32839994]]
160
[[ 0.93707772 -2.40916738]]
[[-0.89651451 -2.1343626 ]]
161
[[ 1.03986122 -2.72138513]]
[[-0.62289859 -1.6789674 ]]
162
[[ 0.98959231 -2.75847283]]
[[-0.51926909 -1.52215945]]
163
[[ 0.88774829 -2.13977519]]
[[-0.08405271 -2.06257351]]
164
[[ 0.96439766 -3.00291822]]
[[-0.34887237 -1.92808227]]
165
[[ 0.86039676 -2.89951217]]
[[-0.36129895 -1.88047796]]
166
[[ 1.33864113 -3.51448238]]
[[-0.28526768 -1.5292644 ]]
167
[[ 1.08330603 -3.15158699]]
[[ 0.02109788 -1.68442648]]
168
[[ 0.96475857 -3.36797899]]
[[ 0.02837483 -1.92412829]]
169
[[ 1.18898797 -3.28307832]]
[[-0.00847958 -1.6646201 ]]
170
[[ 1.27235413 -3.37409659]]
[[ 0.07365756 -1.57038496]]
171
[[ 1.58735751 -3.31308825]]
[[-0.14026242 -2.01116054]]
172
[[ 1.46124282 -3.31425793]]
[[ 0.13597405 -1.50081319]]
173
[[ 1.6799879  -3.35442483]]
[[-0.21885522 -1.75898203]]
174
[[ 1.71076154 -3.28847524]]
[[-0.37468294 -2.08180283]]
175
[[ 1.9312907  -3.07747329]]
[[ 0.14479745 -2.33149302]]
176
[[ 1.94853079 -3.6735862 ]]
[[ 0.47616928 -2.42180144]]
177
[[ 1.91691819 -3.94971095]]
[[ 0.75715028 -1.90518367]]
178
[[ 1.47013311 -4.28985482]]
[[ 0.90758877 -1.3150754 ]]
179
[[ 0.97882803 -4.87770143]]
[[ 0.85936597 -1.00365505]]
180
[[ 1.33078691 -4.95193156]]
[[ 0.62694857 -1.44447586]]
181
[[ 1.13929163 -4.97845006]]
[[ 0.61951053 -1.26661664]]
182
[[ 1.38375617 -4.86918421]]
[[ 0.2118402  -1.48077986]]
183
[[ 1.1523928  -4.38462726]]
[[ 0.32110446 -1.57406884]]
184
[[ 1.03745133 -4.3566595 ]]
[[ 0.14408517 -1.15479267]]
185
[[ 0.94807291 -4.71985183]]
[[ 0.3005552  -0.65844541]]
186
[[ 0.79441694 -4.95492756]]
[[ 0.45760745 -0.46141094]]
187
[[ 0.5288979  -4.71304382]]
[[ 0.4550706  -0.53301183]]
188
[[ 0.72017837 -4.83515233]]
[[ 0.43722737 -0.6132352 ]]
189
[[ 0.54462045 -4.88999394]]
[[ 0.23435909 -0.60540365]]
190
[[ 0.58220933 -5.09358003]]
[[ 0.39894353 -1.52567105]]
191
[[ 0.11916834 -5.16086705]]
[[ 0.87949264 -1.32937531]]
192
[[-0.03444087 -5.4512277 ]]
[[ 0.90129617 -0.92218638]]
193
[[-0.15119883 -5.43068366]]
[[ 0.72108149 -0.96083301]]
194
[[ 0.01319633 -5.76576775]]
[[ 1.08060723 -0.5218836 ]]
195
[[ 0.00569034 -5.26517622]]
[[ 1.06519512 -0.12090448]]
196
[[ 0.11242856 -5.48308995]]
[[1.04045094 0.00236393]]
197
[[ 0.06815902 -5.65892029]]
[[ 0.44061143 -0.07332189]]
198
[[ 0.45376639 -5.98724782]]
[[ 0.39702341 -0.41391299]]
199
[[ 0.61990415 -5.87388744]]
[[ 0.72079555 -0.93363296]]
200
[[ 1.05326122 -5.53453413]]
[[ 0.12617824 -0.86751076]]
201
[[ 0.90220644 -5.30526534]]
[[-0.31650725 -0.2884225 ]]
202
[[ 0.75791466 -5.64369557]]
[[-0.31920386  0.30576239]]
203
[[ 0.67133298 -5.65507441]]
[[-0.12696542  0.47695952]]
204
[[ 0.65012189 -5.41987048]]
[[-0.43094283  0.89553335]]
205
[[ 0.60781169 -5.47761752]]
[[-0.44205599  0.74830405]]
206
[[ 0.40848616 -5.14779852]]
[[-0.42915617  1.03020867]]
207
[[ 0.92554541 -4.67695568]]
[[-1.21916867  1.40451606]]
208
[[ 1.27682665 -4.4211557 ]]
[[-1.2931928   1.21044154]]
209
[[ 1.24177828 -4.25162695]]
[[-1.75835603  0.75448025]]
210
[[ 1.20019269 -4.53038131]]
[[-1.35584844  0.48366026]]
211
[[ 0.87954527 -4.28359315]]
[[-1.47237816  0.82362445]]
212
[[ 1.27468856 -4.08577942]]
[[-1.04992767  0.81509105]]
213
[[ 1.13521613 -3.73700142]]
[[-1.45683591 -0.03379862]]
214
[[ 0.67171643 -3.13901676]]
[[-0.96594163  0.57973047]]
215
[[ 1.28310055 -3.22809868]]
[[-0.78724785  0.6587365 ]]
216
[[ 0.95912024 -3.11611117]]
[[-0.99626632  0.34092365]]
217
[[ 0.93226896 -3.69910615]]
[[-1.67553185  0.6336049 ]]
218
[[ 0.92659724 -3.2632059 ]]
[[-0.81763933  0.23129391]]
219
[[ 1.11849101 -2.91974977]]
[[-0.42550132  0.0017855 ]]
220
[[ 1.05472994 -3.19556438]]
[[-0.47030453  0.61846818]]
221
[[ 0.79241395 -3.03395766]]
[[-0.76336867  0.31268214]]
222
[[ 0.57569505 -3.45971786]]
[[-0.92716423  0.0398547 ]]
223
[[ 0.39787824 -3.73630045]]
[[-1.18953599 -0.48685459]]
224
[[ 0.5691981  -3.67481424]]
[[-0.94871792 -0.07256849]]
225
[[ 0.23183839 -2.99196578]]
[[-1.14951826  0.19942162]]
226
[[-0.03525435 -2.83010484]]
[[-0.96145619 -0.23913359]]
227
[[ 0.23061554 -3.30063348]]
[[-0.70723503  0.47950948]]
228
[[ 0.36628915 -3.14657918]]
[[-0.17709979  0.68919125]]
229
[[ 0.17915118 -3.72358893]]
[[-0.39929088  0.8428904 ]]
230
[[ 0.08426348 -3.66188344]]
[[-0.15782423  0.37868816]]
231
[[ 0.08987824 -3.69100496]]
[[-0.20412006  0.4336436 ]]
232
[[-0.2181822  -3.56521395]]
[[-0.24639746  0.6017707 ]]
233
[[-0.36415479 -3.44889999]]
[[0.16895816 0.58900992]]
234
[[-0.39529707 -3.23816576]]
[[-0.15907034  0.77319571]]
235
[[-0.61423977 -2.85687311]]
[[-0.03011599  0.64714927]]
236
[[ 0.04443407 -2.7923786 ]]
[[-0.12185199 -0.10005855]]
237
[[-0.36678327 -2.84336344]]
[[ 0.01289997 -0.14362437]]
238
[[-0.48487046 -2.3224514 ]]
[[-0.6247763   0.29163852]]
239
[[-0.64966646 -2.41473193]]
[[-0.10612585  0.02302283]]
240
[[-0.3314546  -2.78230186]]
[[-0.42219505  0.21688084]]
241
[[-0.27992603 -2.68701057]]
[[-0.86450402  0.55074335]]
242
[[-0.06223329 -2.9405035 ]]
[[-0.56628736  0.42343732]]
243
[[ 0.02652004 -2.74202868]]
[[-0.85472766  0.32877111]]
244
[[-0.26513749 -2.74639184]]
[[-0.95732986  0.50393039]]
245
[[-0.41388236 -2.75570837]]
[[-0.5924769  0.5637646]]
246
[[-0.98069159 -1.91983271]]
[[-0.67488457  0.72168078]]
247
[[-1.2850735  -1.96431909]]
[[-0.81688913  0.56321912]]
248
[[-1.96641677 -1.86415457]]
[[-0.2484357   0.51896859]]
249
[[-2.33468814 -1.44603395]]
[[-0.30769634  0.69200321]]
250
[[-2.43857758 -1.90164938]]
[[-0.15065734  0.79875758]]
251
[[-2.40149234 -1.67988667]]
[[-0.10436923  0.68883103]]
252
[[-2.41706074 -1.93555255]]
[[0.36714013 0.20787041]]
253
[[-2.52696859 -1.61845559]]
[[0.44620289 0.44284471]]
254
[[-2.89094158 -1.15634628]]
[[0.15989332 0.71668189]]
255
[[-3.07237764 -1.4532612 ]]
[[0.0284798  0.68854489]]
256
[[-2.91118026 -1.73569627]]
[[ 0.53381501 -0.14020694]]
257
[[-2.5552371  -1.67098822]]
[[0.79025444 0.08813413]]
258
[[-2.27441243 -1.47148204]]
[[0.92206017 0.15494951]]
259
[[-2.07860159 -1.26709708]]
[[0.49610688 0.34695061]]
260
[[-2.38540188 -0.99221626]]
[[0.0012257  0.34862868]]
261
[[-2.64335357 -1.19532048]]
[[0.16756464 0.39740738]]
262
[[-2.22054408 -1.23550125]]
[[0.24045324 0.45076097]]
263
[[-2.20727697 -1.51968982]]
[[0.51908342 0.73324726]]
264
[[-2.24857386 -1.66915159]]
[[0.72334143 1.39188776]]
265
[[-1.92495196 -1.84517873]]
[[-0.16553935  1.35972668]]
266
[[-2.02021374 -1.95237626]]
[[0.21048251 1.79896453]]
267
[[-2.18559845 -1.32748897]]
[[0.44517206 1.45890491]]
268
[[-2.28816505 -1.13449979]]
[[0.53231654 1.26289487]]
269
[[-2.34513872 -0.83912346]]
[[0.86444089 1.48317669]]
270
[[-2.59559032 -1.14999938]]
[[0.86143005 1.17323186]]
271
[[-2.7230005  -1.51190989]]
[[1.24110693 1.33857462]]
272
[[-2.89170614 -1.27408484]]
[[0.55719933 0.93470631]]
273
[[-2.88994669 -0.90744199]]
[[0.60464866 0.38421918]]
274
[[-3.16770783 -1.21567045]]
[[ 0.19812534 -0.04805149]]
275
[[-3.03104025 -0.8579811 ]]
[[ 0.05392605 -0.09920613]]
276
[[-2.91414397 -0.97331504]]
[[-0.1779872 -0.5891472]]
277
[[-2.77826276 -0.66232913]]
[[-0.97155973 -0.66735386]]
278
[[-2.58659556 -0.47246079]]
[[-1.12524681 -0.82420525]]
279
[[-2.96657884 -0.53798879]]
[[-0.81539047 -0.82996388]]
280
[[-3.26973784 -0.68660429]]
[[-1.07153872 -0.66229968]]
281
[[-3.40210384 -0.76193178]]
[[-0.58875938 -0.83928649]]
282
[[-3.93051548 -1.00980393]]
[[-0.73664618 -0.48807343]]
283
[[-4.16747624 -0.86011073]]
[[-0.97206982 -0.52155873]]
284
[[-4.74180039 -0.51946701]]
[[-1.14078526  0.01779737]]
285
[[-5.00618768 -0.29407009]]
[[-1.13430423  0.06505028]]
286
[[-5.48303659 -0.22296014]]
[[-0.97452879  0.5902074 ]]
287
[[-5.0077587  -0.51479866]]
[[-1.40860471  0.71091658]]
288
[[-4.79015135 -0.95698071]]
[[-1.3777537   0.56116593]]
289
[[-4.95656555 -1.01439906]]
[[-1.35709084  0.63690902]]
290
[[-4.91542427 -1.51003292]]
[[-1.92196739  0.84319149]]
291
[[-4.78081996 -2.00607514]]
[[-1.97120637  1.23383542]]
292
[[-4.95143889 -2.61523026]]
[[-2.12409563  1.22013207]]
293
[[-5.38857643 -1.9791038 ]]
[[-2.5209221   0.98870886]]
294
[[-5.75988515 -1.33875337]]
[[-1.77885861  0.99515956]]
295
[[-5.76620393 -1.45257297]]
[[-1.59408237  0.61701889]]
296
[[-6.02562736 -1.81227056]]
[[-1.56310276  1.19774774]]
297
[[-5.84815623 -2.29117886]]
[[-1.53946646  1.47862482]]
298
[[-5.61797133 -2.70488821]]
[[-1.56590492  2.46032576]]
299
[[-5.26235262 -2.61156553]]
[[-2.55186788  1.8941099 ]]
300
[[-5.20414234 -2.32936208]]
[[-2.88584318  1.83697411]]
301
[[-4.96200946 -2.34206465]]
[[-2.79398445  2.06708681]]
302
[[-5.25619528 -2.36228445]]
[[-3.27584321  2.15162842]]
303
[[-5.2621675 -2.0877341]]
[[-3.62774865  1.76694323]]
304
[[-5.52542584 -2.3959492 ]]
[[-3.04132141  2.04327876]]
305
[[-5.64411182 -2.30361364]]
[[-3.52852747  2.13039471]]
306
[[-5.67850745 -2.5013553 ]]
[[-3.04057924  1.89610064]]
307
[[-5.44381426 -2.95628951]]
[[-3.08108035  1.95477121]]
308
[[-5.93426381 -2.88770973]]
[[-3.41687145  2.36593826]]
309
[[-5.91139817 -2.84733186]]
[[-3.1370495   2.42915649]]
310
[[-5.70932713 -2.80688717]]
[[-3.72791495  2.01348788]]
311
[[-5.70520068 -3.15113489]]
[[-3.33615097  2.20008978]]
312
[[-5.82773536 -2.81246269]]
[[-2.94382672  1.43249642]]
313
[[-5.62244217 -2.68562223]]
[[-2.79679161  1.1690847 ]]
314
[[-5.60483298 -2.83926318]]
[[-2.8333668   1.22433922]]
315
[[-5.71833656 -2.61986645]]
[[-2.61407781  0.86000749]]
316
[[-5.84843586 -2.65676744]]
[[-2.19350595  1.16399662]]
317
[[-5.59915986 -3.4887843 ]]
[[-2.4459426   1.49461764]]
318
[[-5.33555989 -3.15025107]]
[[-2.3515136   0.96917726]]
319
[[-5.50405701 -2.38607583]]
[[-1.81664406  1.10371779]]
320
[[-5.59425033 -2.32157751]]
[[-2.33132156  1.56452525]]
321
[[-5.88377925 -1.98938153]]
[[-2.17836444  1.48488997]]
322
[[-5.59493938 -2.28324078]]
[[-2.6411779   1.25009306]]
323
[[-6.00676534 -1.75229288]]
[[-2.05376593  1.15213119]]
324
[[-5.64791453 -1.66769234]]
[[-1.6496581   0.70582371]]
325
[[-5.49142455 -1.04208458]]
[[-1.58596582  0.35342354]]
326
[[-5.25486932 -0.92339424]]
[[-1.42147493 -0.06930198]]
327
[[-5.74232448 -0.71622301]]
[[-1.59996105  0.05727109]]
328
[[-5.71599409 -0.94045103]]
[[-1.42896036  0.40480015]]
329
[[-5.84541715 -1.06335866]]
[[-1.07987999  0.7464395 ]]
330
[[-5.75859507 -0.99393874]]
[[-0.96882665  0.5636638 ]]
331
[[-5.94220025 -1.24167462]]
[[-0.67698162  0.70102515]]
332
[[-5.62812697 -1.64023209]]
[[-0.80345425  0.56261156]]
333
[[-5.67547823 -2.10543551]]
[[-0.76854675  1.18938235]]
334
[[-5.51407871 -1.96669161]]
[[-0.13100343  0.89323539]]
335
[[-5.1120714  -2.36771946]]
[[-0.34554099  0.74382479]]
336
[[-4.78517321 -2.8614274 ]]
[[-1.02477012 -0.13397333]]
337
[[-4.85397152 -2.73647267]]
[[-1.03055483  0.07714159]]
338
[[-4.99671097 -3.14920076]]
[[-1.11357585  0.019362  ]]
339
[[-4.57576701 -3.14870559]]
[[-1.27675462 -0.12803251]]
340
[[-4.39476214 -3.07559722]]
[[-0.77940183 -0.47039523]]
341
[[-4.59505856 -3.26137839]]
[[-0.80573785 -0.16987916]]
342
[[-4.5816289  -3.19344056]]
[[-0.6979817   0.01371986]]
343
[[-4.72261986 -2.8621352 ]]
[[-0.48475088  0.11143885]]
344
[[-4.74878051 -2.49815986]]
[[-0.91589804  0.08860652]]
345
[[-4.99700775 -2.65164223]]
[[-0.66053878  0.09370525]]
346
[[-4.70829174 -3.27793845]]
[[-0.92744789  0.32073965]]
347
[[-4.17881297 -2.74911395]]
[[-0.93674355  0.03463636]]
348
[[-4.35116654 -2.45755079]]
[[-0.99588081 -0.37886203]]
349
[[-3.97532531 -2.54617895]]
[[-0.98727364 -0.12127508]]
350
[[-3.67061074 -2.84081831]]
[[-0.60321218  0.13972224]]
351
[[-3.93571563 -2.94569485]]
[[-0.44564811  0.39461246]]
352
[[-4.26389856 -3.1813149 ]]
[[0.14744622 0.57886796]]
353
[[-4.41838746 -2.87915267]]
[[0.35468439 0.59171705]]
354
[[-4.26991228 -3.2264399 ]]
[[0.07079531 0.34060193]]
355
[[-4.75861164 -2.80488994]]
[[-0.24759686  0.24298368]]
356
[[-4.6463718  -2.47483885]]
[[-0.0425059   0.01817877]]
357
[[-4.69551426 -2.89669536]]
[[-0.21180366  0.11410601]]
358
[[-4.76961181 -3.23455257]]
[[-0.10417338  0.51369097]]
359
[[-4.89803908 -3.53270798]]
[[-0.37251677  0.70644092]]
360
[[-4.72479965 -3.56114966]]
[[0.04080277 0.7183716 ]]
361
[[-4.91581082 -2.92418023]]
[[0.47643711 0.6904875 ]]
362
[[-4.91550112 -3.36538064]]
[[-0.02683298  0.62276273]]
363
[[-4.82449498 -3.25712258]]
[[-0.12241599  1.06688182]]
364
[[-4.58758377 -3.40033865]]
[[-0.34697506  0.65322728]]
365
[[-4.71966505 -3.59581447]]
[[-0.5137732   0.69540896]]
366
[[-4.57663642 -3.54447192]]
[[-0.53896384  0.9882725 ]]
367
[[-4.54507949 -3.45519896]]
[[-0.62325983  1.02681807]]
368
[[-4.46777478 -2.59940529]]
[[-0.73770865  0.7064302 ]]
369
[[-4.36366165 -2.94421765]]
[[-0.99114853  0.88250917]]
370
[[-4.32443245 -3.21487832]]
[[-0.95117471  1.09579634]]
371
[[-4.07920884 -3.71931489]]
[[-0.98028646  0.85289784]]
372
[[-4.24263783 -4.03044285]]
[[-1.43384656  0.9437268 ]]
373
[[-3.64365839 -4.7519599 ]]
[[-1.57133118  0.77021187]]
374
[[-3.68604313 -4.36965126]]
[[-1.2465728   0.23845551]]
375
[[-3.68738778 -4.44871927]]
[[-1.10230266  0.19239838]]
376
[[-3.73032562 -4.75645315]]
[[-1.32379733  0.52380016]]
377
[[-3.56925842 -4.64415755]]
[[-0.85990664  0.97645822]]
378
[[-3.84497681 -4.09963156]]
[[-0.96106505  1.58303931]]
379
[[-3.63930808 -4.29184038]]
[[-1.30428142  2.42811154]]
380
[[-4.04188712 -4.51931943]]
[[-0.89249131  2.14187484]]
381
[[-4.25438729 -4.0714056 ]]
[[-0.61203467  1.94113758]]
382
[[-4.20816138 -4.38306209]]
[[-0.40119892  1.97040643]]
383
[[-4.13395429 -3.90967154]]
[[-1.06020975  1.8084563 ]]
384
[[-4.11865125 -3.7929823 ]]
[[-1.15021505  1.86657885]]
385
[[-4.17152917 -4.01009815]]
[[-1.58084469  1.89030966]]
386
[[-4.08267295 -4.1578082 ]]
[[-1.61914773  1.95888493]]
387
[[-4.09522871 -3.73802012]]
[[-1.51439983  1.78515781]]
388
[[-4.28075668 -3.86275402]]
[[-1.35515985  1.64494309]]
389
[[-4.0141418  -3.78583492]]
[[-1.09578575  1.30947451]]
390
[[-4.47359752 -3.07459606]]
[[-0.8169417   1.33909212]]
391
[[-4.39771787 -2.74601437]]
[[-0.81032224  0.97244709]]
392
[[-4.08658933 -2.325555  ]]
[[-1.58741506  1.095035  ]]
393
[[-4.26648372 -2.33311489]]
[[-1.62320787  0.57648354]]
394
[[-4.45495185 -2.16214862]]
[[-1.46871708  0.22935162]]
395
[[-4.06256884 -2.24370366]]
[[-2.06407471 -0.18796419]]
396
[[-4.13454578 -2.12314936]]
[[-2.34014663 -0.35920724]]
397
[[-4.10989838 -1.9473964 ]]
[[-2.67071822 -0.98280281]]
398
[[-3.85276714 -2.52205422]]
[[-2.66493671 -1.22061651]]
399
[[-3.8699446  -1.98201005]]
[[-2.39043365 -1.98627004]]
400
[[-3.7611393 -2.2567483]]
[[-1.99127442 -1.73417688]]
401
[[-4.23967589 -2.39082048]]
[[-1.96036072 -1.37676974]]
402
[[-4.14252213 -2.36448766]]
[[-1.72817095 -1.75399167]]
403
[[-4.06203082 -1.8595534 ]]
[[-1.6103712  -2.35226708]]
404
[[-3.8476856  -1.84204536]]
[[-2.49315774 -2.05395488]]
405
[[-3.55206332 -2.32095202]]
[[-2.38456857 -1.39029322]]
406
[[-3.70810553 -2.97589516]]
[[-2.47487769 -0.99030001]]
407
[[-3.71332661 -2.88855643]]
[[-2.05228178 -0.66547779]]
408
[[-3.62958343 -2.7787266 ]]
[[-1.93587488 -0.71940744]]
409
[[-3.4825744  -2.57566698]]
[[-2.02405144 -1.11614915]]
410
[[-3.26203526 -2.63190292]]
[[-2.21120882 -1.36233881]]
411
[[-3.04714232 -2.59327955]]
[[-2.11562185 -1.83926115]]
412
[[-2.94633103 -2.01744827]]
[[-1.88532941 -2.41874606]]
413
[[-3.04790058 -1.7374727 ]]
[[-2.28342529 -2.58129127]]
414
[[-2.79022013 -1.86960081]]
[[-1.86906758 -2.2194741 ]]
415
[[-3.04823715 -2.34095171]]
[[-1.68593399 -1.6849349 ]]
416
[[-2.97322185 -2.15352224]]
[[-1.71892737 -2.32352672]]
417
[[-2.87613985 -1.95528045]]
[[-1.56675347 -2.34105977]]
418
[[-3.5050298  -1.45196963]]
[[-1.62409952 -2.76114836]]
419
[[-3.60523706 -1.26908617]]
[[-1.82845533 -3.23373508]]
420
[[-3.88440994 -1.16921252]]
[[-1.97141191 -2.91671754]]
421
[[-3.77689453 -1.64097772]]
[[-2.33438985 -2.42928015]]
422
[[-3.38627391 -1.91511029]]
[[-2.63617961 -2.60362007]]
423
[[-3.12084145 -1.95569062]]
[[-2.29329464 -2.15767338]]
424
[[-3.25057373 -2.13442023]]
[[-2.50351228 -1.68036117]]
425
[[-3.08231616 -2.48484588]]
[[-3.09706707 -1.20331423]]
426
[[-3.3001932  -2.96575452]]
[[-3.33180095 -0.96026851]]
427
[[-2.90896268 -3.30387031]]
[[-3.81966807 -1.30138159]]
428
[[-3.26226179 -3.02311452]]
[[-3.43564441 -1.11112265]]
429
[[-3.56922512 -2.48452535]]
[[-3.22144281 -1.17483924]]
430
[[-3.81716686 -3.12836746]]
[[-3.58879403 -0.81152243]]
431
[[-3.8931905  -2.75522514]]
[[-3.31984916 -1.13240883]]
432
[[-3.84666324 -2.53097233]]
[[-3.60349478 -1.18227122]]
433
[[-3.93345723 -2.11854836]]
[[-4.02615276 -0.97392968]]
434
[[-4.05179049 -2.53892753]]
[[-3.98664534 -0.99211718]]
435
[[-4.60446045 -2.48266551]]
[[-3.3867451 -0.984557 ]]
436
[[-4.85784261 -1.9341988 ]]
[[-3.38528979 -1.50420508]]
437
[[-4.63821126 -2.44740245]]
[[-3.91461826 -1.43392111]]
438
[[-4.76566124 -2.78261238]]
[[-4.3586514  -1.63866691]]
439
[[-4.75067688 -3.13250434]]
[[-4.65819369 -1.59437639]]
440
[[-4.46026099 -2.70254167]]
[[-4.61855591 -1.39213767]]
441
[[-4.37440247 -2.67329342]]
[[-4.39502614 -2.06968174]]
442
[[-4.1554465  -2.78955805]]
[[-4.56153584 -2.29271334]]
443
[[-3.95237167 -2.07349862]]
[[-4.19546359 -2.90938755]]
444
[[-3.85481289 -2.56749169]]
[[-3.76023784 -2.44705036]]
445
[[-3.83858894 -2.72468972]]
[[-3.47960462 -2.72905571]]
446
[[-4.27633816 -2.57938676]]
[[-3.1286939  -3.07276092]]
447
[[-4.49705604 -2.84302868]]
[[-2.83019873 -3.17215614]]
448
[[-4.75226689 -2.70619424]]
[[-2.97821688 -2.87694148]]
449
[[-5.19180788 -2.41107924]]
[[-2.9813622  -2.53444598]]
450
[[-4.87113868 -3.08582284]]
[[-3.26039542 -2.43429634]]
451
[[-4.86047588 -3.09556241]]
[[-3.28614549 -2.50272243]]
452
[[-5.16104297 -3.04090714]]
[[-3.22641341 -2.69914095]]
453
[[-5.10499658 -2.72582707]]
[[-3.08733598 -2.81737085]]
454
[[-5.20126648 -2.70918255]]
[[-3.27221061 -2.84475459]]
455
[[-4.70242167 -2.76994282]]
[[-3.27375242 -2.92258201]]
456
[[-4.85373644 -3.28538175]]
[[-3.57586511 -2.93958164]]
457
[[-4.98756481 -3.56349394]]
[[-3.60216688 -3.00251265]]
458
[[-5.09717152 -3.07091232]]
[[-3.55396356 -2.77006103]]
459
[[-5.17770338 -2.8999778 ]]
[[-3.82553161 -2.87664296]]
460
[[-4.89729066 -2.89198065]]
[[-3.66048783 -2.89550679]]
461
[[-5.01509727 -2.92757819]]
[[-3.35005105 -3.0984838 ]]
462
[[-5.02861192 -3.14269025]]
[[-3.02460168 -2.20622884]]
463
[[-4.84739865 -3.3442761 ]]
[[-3.525852   -2.35591348]]
464
[[-4.84792228 -3.04627039]]
[[-4.19977445 -2.46608485]]
465
[[-4.95926316 -3.08307917]]
[[-4.89032948 -2.39147392]]
466
[[-4.56258366 -3.43165545]]
[[-4.8185071 -1.9051867]]
467
[[-4.69433195 -2.68370061]]
[[-4.93716984 -1.94366534]]
468
[[-4.30711602 -2.93411215]]
[[-4.39703475 -1.46409696]]
469
[[-4.51534565 -2.76859463]]
[[-4.67062298 -1.73690863]]
470
[[-4.38524925 -2.99832147]]
[[-4.90823513 -1.50902463]]
471
[[-4.85958425 -2.53463402]]
[[-4.45099473 -1.79258268]]
472
[[-4.91612196 -2.68384535]]
[[-4.85214402 -1.52228271]]
473
[[-4.67840184 -3.31736155]]
[[-4.91256085 -1.05846854]]
474
[[-4.37421238 -3.27147246]]
[[-5.12031067 -1.29828226]]
475
[[-4.2427406  -3.61793997]]
[[-5.23313416 -1.48617864]]
476
[[-4.41956876 -3.53053478]]
[[-5.60548279 -1.74037681]]
477
[[-4.54691985 -3.88228192]]
[[-5.69330379 -1.26003033]]
478
[[-4.36785098 -3.72282656]]
[[-5.22891526 -1.52950074]]
479
[[-4.43869005 -3.69403823]]
[[-4.5922837  -1.60419549]]
480
[[-4.33865622 -3.86827079]]
[[-4.74551944 -1.68304203]]
481
[[-4.12657196 -3.42496724]]
[[-4.77702949 -1.87882098]]
482
[[-3.82452518 -3.12279252]]
[[-4.8420102  -1.42805724]]
483
[[-3.95814344 -3.16613329]]
[[-5.05815234 -0.8611552 ]]
484
[[-3.80427619 -3.12551366]]
[[-5.24137246 -0.5918493 ]]
485
[[-3.88012603 -2.56516259]]
[[-5.19332311 -1.04723302]]
486
[[-3.87279043 -2.78801342]]
[[-5.33399628 -0.91251695]]
487
[[-3.63096164 -3.39791867]]
[[-5.00566542 -1.49937011]]
488
[[-3.5766904  -3.10538853]]
[[-4.94858983 -1.79504518]]
489
[[-3.48711047 -3.19031483]]
[[-4.60239068 -1.91185032]]
490
[[-3.31291673 -3.33817661]]
[[-5.37907932 -2.02857693]]
491
[[-3.45679852 -3.26834465]]
[[-5.32692678 -2.26768121]]
492
[[-3.75899191 -3.50798065]]
[[-5.19680706 -1.49265861]]
493
[[-3.70621927 -3.41314516]]
[[-4.92283689 -2.17816338]]
494
[[-3.4263238  -3.40089031]]
[[-4.82395472 -2.24430979]]
495
[[-3.45006945 -4.04097649]]
[[-4.6101885  -2.34579917]]
496
[[-3.30284087 -3.68435527]]
[[-4.04469698 -2.39767515]]
497
[[-3.23902711 -3.69584558]]
[[-3.99309236 -2.60048371]]
498
[[-2.85307364 -4.36454015]]
[[-4.17329032 -2.16073387]]
499
[[-2.83668839 -4.49575734]]
[[-4.11528405 -1.55205978]]
500
[[-2.89506122 -4.60153355]]
[[-4.35746965 -2.08873052]]
501
[[-2.37896557 -5.27207294]]
[[-4.28292975 -2.16594637]]
502
[[-2.00496928 -5.51056904]]
[[-4.23522268 -2.16424979]]
503
[[-1.8515028  -5.85727932]]
[[-4.4042055  -2.73708836]]
504
[[-1.95115045 -5.78812375]]
[[-4.45492129 -2.45945619]]
505
[[-2.17859504 -5.15829324]]
[[-4.23880461 -2.44934858]]
506
[[-2.26719891 -5.3012515 ]]
[[-4.1595734  -1.93751451]]
507
[[-2.09685568 -4.65361995]]
[[-3.89752426 -1.91145142]]
508
[[-2.53166572 -3.92893087]]
[[-4.26001995 -2.08816048]]
509
[[-2.39027657 -4.23605642]]
[[-4.07738431 -1.72131431]]
510
[[-2.91402268 -4.55204351]]
[[-3.97913121 -2.09948406]]
511
[[-2.98304081 -5.06506147]]
[[-3.89459854 -2.97167309]]
512
[[-3.05372076 -4.89842523]]
[[-3.78580891 -2.99724378]]
513
[[-3.24133175 -4.84453602]]
[[-3.64900208 -2.5710726 ]]
514
[[-3.18083803 -4.81507664]]
[[-3.89622336 -2.22691475]]
515
[[-3.76003107 -4.46744639]]
[[-3.55239963 -1.88416885]]
516
[[-3.91522648 -3.95958946]]
[[-3.31189597 -1.79054582]]
517
[[-3.90868314 -4.44033896]]
[[-2.62837631 -1.31711167]]
518
[[-3.61218787 -4.21295297]]
[[-3.01842469 -0.91423649]]
519
[[-3.69852748 -4.4103404 ]]
[[-3.12775608 -0.97934077]]
520
[[-3.39229197 -4.47810256]]
[[-2.61143023 -1.08828066]]
521
[[-3.36965379 -3.63108096]]
[[-2.84418118 -1.16196515]]
522
[[-3.19937614 -3.45369776]]
[[-2.82713031 -1.80142506]]
523
[[-3.46940525 -3.15813377]]
[[-2.05738201 -1.69108472]]
524
[[-3.55420019 -2.14908684]]
[[-2.2442321  -0.95673906]]
525
[[-3.48016395 -2.52266321]]
[[-2.29913703 -0.60421931]]
526
[[-3.68623257 -2.32878761]]
[[-2.65108858 -1.03458983]]
527
[[-3.36732365 -2.40729553]]
[[-2.60190748 -1.2483004 ]]
528
[[-2.99479301 -2.67531972]]
[[-2.81141485 -1.83417175]]
529
[[-2.88547078 -1.96544472]]
[[-2.62480316 -2.16102678]]
530
[[-3.0406932  -1.46827011]]
[[-2.4851372  -1.87131298]]
531
[[-3.1786089  -0.87825294]]
[[-2.85900062 -1.97753171]]
532
[[-3.14444409 -1.14354742]]
[[-2.59410283 -1.92878502]]
533
[[-2.78997788 -1.80503601]]
[[-3.03338966 -1.59070814]]
534
[[-2.45712882 -2.03904043]]
[[-2.67919927 -1.83772094]]
535
[[-2.85117114 -2.08465387]]
[[-2.58117401 -2.06938432]]
536
[[-3.14113022 -1.65030283]]
[[-2.8841667  -1.99812521]]
537
[[-2.95130894 -1.59652443]]
[[-2.78749333 -2.5480336 ]]
538
[[-2.83405848 -1.41372689]]
[[-2.21330867 -2.95750126]]
539
[[-2.60245478 -1.00811324]]
[[-1.62290162 -3.32243333]]
540
[[-2.36884547 -1.05644465]]
[[-2.0986122 -3.426752 ]]
541
[[-1.96658652 -1.12932391]]
[[-2.41987293 -3.33979189]]
542
[[-2.62627281 -1.27058476]]
[[-2.00823756 -2.97571678]]
543
[[-2.72254573 -1.30332125]]
[[-1.3492612  -2.95716035]]
544
[[-2.79212571 -1.68927418]]
[[-2.07447885 -2.66320951]]
545
[[-2.50708034 -1.48204556]]
[[-1.71470729 -2.79212161]]
546
[[-2.58940772 -1.58244659]]
[[-1.82450485 -2.28205252]]
547
[[-2.64601856 -1.23625616]]
[[-1.43472953 -2.50886168]]
548
[[-3.07401644 -1.09057098]]
[[-1.50505523 -3.30475451]]
549
[[-3.4957746  -0.45232773]]
[[-1.41150111 -3.36856037]]
550
[[-3.73170983 -0.75241443]]
[[-1.53146974 -3.22399749]]
551
[[-3.64360517 -1.00332871]]
[[-1.60347184 -3.09683083]]
552
[[-3.80135198 -1.04597671]]
[[-1.33182292 -4.17189206]]
553
[[-3.92599729 -0.89937728]]
[[-1.18605747 -4.49841329]]
554
[[-3.92494798 -1.07438578]]
[[-1.78318786 -5.07538654]]
555
[[-3.71901978 -0.94757426]]
[[-1.29334528 -5.11604239]]
556
[[-3.50828095 -1.68142844]]
[[-1.27256186 -4.74775764]]
557
[[-3.36135761 -2.51552341]]
[[-1.68019602 -4.38262605]]
558
[[-3.07153026 -2.77088285]]
[[-2.18054402 -4.41019737]]
559
[[-3.23155052 -2.50475152]]
[[-2.49127936 -4.73066323]]
560
[[-2.73815538 -2.97182255]]
[[-2.31716561 -4.52987342]]
561
[[-2.85668254 -3.02357037]]
[[-2.3394068  -4.84390687]]
562
[[-2.32095969 -3.59727027]]
[[-2.4580598  -4.79681554]]
563
[[-2.55600138 -3.76766713]]
[[-2.99783127 -4.00870913]]
564
[[-2.76942818 -3.42913994]]
[[-3.07997743 -3.49127755]]
565
[[-3.1328372  -3.48207924]]
[[-3.48899528 -3.35849654]]
566
[[-3.10270379 -3.64688467]]
[[-3.36650855 -3.10946303]]
567
[[-3.1724529  -4.26270146]]
[[-3.65101417 -2.56389299]]
568
[[-3.38063482 -3.92584791]]
[[-3.82786641 -2.10193382]]
569
[[-3.86172294 -3.58878612]]
[[-3.71615238 -1.80531018]]
570
[[-3.91501346 -3.19936512]]
[[-3.68427226 -2.2192482 ]]
571
[[-4.32782342 -3.14427697]]
[[-3.44425402 -1.8625837 ]]
572
[[-4.05261923 -3.10893419]]
[[-3.5619501  -1.97255344]]
573
[[-4.25983916 -2.96334659]]
[[-3.05889503 -1.54023258]]
574
[[-3.981514  -3.1290921]]
[[-2.92127613 -1.51708192]]
575
[[-4.0979271  -3.12177518]]
[[-2.5409932  -1.24920383]]
576
[[-4.10045206 -2.79370418]]
[[-3.03627442 -1.59958835]]
577
[[-4.44718628 -2.47822919]]
[[-2.74888105 -1.14061714]]
578
[[-4.36065883 -2.17417557]]
[[-2.45151484 -0.96158597]]
579
[[-3.91869994 -1.95372087]]
[[-2.35116524 -1.41674741]]
580
[[-3.99409111 -1.57589701]]
[[-1.90829936 -1.38500697]]
581
[[-4.56065188 -1.59994572]]
[[-1.58362888 -1.00468021]]
582
[[-4.30688931 -2.04654001]]
[[-1.56568777 -1.16971895]]
583
[[-3.72585092 -1.84080258]]
[[-1.69525899 -1.5839835 ]]
584
[[-3.50178268 -1.39366294]]
[[-1.62861803 -1.92333491]]
585
[[-3.71042145 -1.34518459]]
[[-1.45175669 -1.72514741]]
586
[[-3.66078091 -0.86332819]]
[[-1.54324013 -2.06607253]]
587
[[-3.22894    -1.04354872]]
[[-1.85719253 -2.33817652]]
588
[[-3.47065931 -1.05473382]]
[[-2.01437906 -2.34940478]]
589
[[-2.76191362 -1.00599752]]
[[-2.15029881 -2.84470403]]
590
[[-2.5998815  -1.49520702]]
[[-1.9783511  -2.08374231]]
591
[[-2.62833139 -1.61533343]]
[[-1.86627055 -2.34498974]]
592
[[-2.82586471 -1.54587565]]
[[-1.84398821 -2.55295867]]
593
[[-2.92080459 -1.16528769]]
[[-1.73906328 -2.2058701 ]]
594
[[-2.87248497 -1.42886303]]
[[-1.8773642  -1.32448948]]
595
[[-2.70821777 -0.91921262]]
[[-2.01638038 -1.61911888]]
596
[[-2.42049339 -0.91803382]]
[[-1.6669476 -1.667277 ]]
597
[[-2.49630908 -0.85844163]]
[[-1.74479688 -1.48809615]]
598
[[-2.58851842 -0.88376293]]
[[-1.44243157 -1.66927259]]
599
[[-2.97165514 -0.74322075]]
[[-1.02096788 -1.92380966]]
600
[[-3.16602061 -0.38848453]]
[[-0.55970212 -1.22704336]]
601
[[-3.46460999  0.11264744]]
[[-0.19992297 -1.29923047]]
602
[[-3.63062999 -0.03132287]]
[[-0.03133899 -1.29070697]]
603
[[-3.96770925  0.12501072]]
[[-0.34066621 -1.56004144]]
604
[[-3.92494877  0.07329759]]
[[-0.21851944 -1.42400818]]
605
[[-3.50974875 -0.26779051]]
[[-0.29461715 -1.91587633]]
606
[[-3.1610705  -0.33599738]]
[[-0.66907208 -2.44817597]]
607
[[-2.89297754 -0.52871841]]
[[-0.76159383 -2.63562988]]
608
[[-3.17302478  0.00712729]]
[[-0.45111078 -2.85999777]]
609
[[-3.72898162  0.00921637]]
[[-0.22806641 -2.7416663 ]]
610
[[-3.74903309  0.31478782]]
[[-0.14322876 -2.49736775]]
611
[[-3.61263184 -0.4307645 ]]
[[-0.32363805 -2.61823397]]
612
[[-3.19071232 -0.26633458]]
[[-0.3525768  -2.88124532]]
613
[[-2.73600393 -0.1505247 ]]
[[-0.23527232 -3.87519697]]
614
[[-2.66141033  0.8416843 ]]
[[-0.02892191 -4.38337115]]
615
[[-2.4709089   0.37551063]]
[[-0.21307347 -4.36087309]]
616
[[-2.6045815   0.29720452]]
[[ 0.60170642 -4.08039242]]
617
[[-2.48174548  0.53796287]]
[[ 0.68585441 -4.6980526 ]]
618
[[-2.56984609  0.31761531]]
[[ 0.40696133 -4.3953731 ]]
619
[[-2.56234026  0.46015767]]
[[ 0.42966606 -5.12105619]]
620
[[-2.49443612  0.07925056]]
[[ 1.00622947 -4.960541  ]]
621
[[-2.5553182   0.17750277]]
[[ 1.06960782 -4.94016166]]
622
[[-2.57882806 -0.05755809]]
[[ 0.94262569 -4.39695122]]
623
[[-2.2287721   0.15003517]]
[[ 1.0862942  -4.20799101]]
624
[[-1.76564998  0.08520186]]
[[ 0.81865444 -4.20116807]]
625
[[-1.51680026 -0.53946067]]
[[ 0.69708777 -4.50220218]]
626
[[-1.33268675 -0.96143453]]
[[ 0.50501367 -4.46727175]]
627
[[-1.24561624 -0.76835092]]
[[ 0.24322602 -4.35170469]]
628
[[-1.46416701 -1.08032951]]
[[ 0.1715672  -4.65389812]]
629
[[-1.55907498 -0.97711087]]
[[ 0.33599977 -4.35562406]]
630
[[-1.87252323 -0.85178603]]
[[ 0.25874301 -3.84630482]]
631
[[-1.86720761 -0.94664733]]
[[-0.42209344 -3.55565646]]
632
[[-1.34564576 -1.30373148]]
[[-0.68849239 -3.3357628 ]]
633
[[-1.44505265 -1.59901986]]
[[-0.66962866 -3.46139625]]
634
[[-1.58237077 -1.45125061]]
[[-0.78609506 -3.46683739]]
635
[[-1.92037628 -1.12588862]]
[[-0.41523423 -3.52064795]]
636
[[-1.67954147 -1.67939096]]
[[-0.21826589 -2.84240816]]
637
[[-1.35254809 -1.35131865]]
[[-0.10515868 -3.00167039]]
638
[[-1.41659299 -1.61644451]]
[[ 0.13622716 -3.24426008]]
639
[[-1.26685349 -2.06318778]]
[[ 0.34507777 -3.64689533]]
640
[[-0.88678876 -2.21585639]]
[[ 0.35368585 -3.72926934]]
641
[[-0.81576438 -1.95214946]]
[[ 0.18401946 -3.88518402]]
642
[[-1.28870556 -1.97308823]]
[[-0.02499187 -3.06043446]]
643
[[-1.47840752 -2.34673064]]
[[ 0.17351799 -2.37853027]]
644
[[-1.28783412 -2.21842862]]
[[ 0.60165112 -3.00706285]]
645
[[-1.11620684 -2.37573739]]
[[-0.54972415 -3.11177471]]
646
[[-1.60126033 -2.58572563]]
[[ 0.28034996 -2.55105211]]
647
[[-1.4869611  -2.56698375]]
[[-0.07546864 -2.73102554]]
648
[[-1.42911365 -2.72264287]]
[[-0.24322165 -2.28072723]]
649
[[-1.1590198 -2.7064651]]
[[ 0.10609424 -1.9008178 ]]
650
[[-1.45379354 -1.97232844]]
[[ 0.30287908 -2.53422923]]
651
[[-1.44524454 -2.32500674]]
[[ 0.5442087  -1.93023005]]
652
[[-1.62728522 -2.04705069]]
[[ 0.58343577 -1.94410837]]
653
[[-1.6532732  -1.80199523]]
[[ 0.92337491 -2.14406272]]
654
[[-1.66440433 -2.3985983 ]]
[[ 1.01982303 -1.86213219]]
655
[[-1.89851084 -2.20814326]]
[[ 1.13959529 -1.85104096]]
656
[[-2.05406809 -2.42444744]]
[[ 0.99577512 -1.60926924]]
657
[[-2.01968194 -2.1857209 ]]
[[ 1.20457938 -1.62169146]]
658
[[-1.8856443  -1.92889616]]
[[ 0.95404031 -1.48026486]]
659
[[-1.88449316 -1.99728634]]
[[ 0.96064984 -1.19488189]]
660
[[-1.78504976 -2.16959404]]
[[ 0.92786358 -1.52756933]]
661
[[-2.07372652 -1.94794079]]
[[ 1.4197814 -1.3828257]]
662
[[-1.919342   -2.23539378]]
[[ 1.40750553 -1.51281736]]
663
[[-1.82730838 -2.2914951 ]]
[[ 1.72757337 -1.7421453 ]]
664
[[-1.20126355 -2.11690502]]
[[ 1.16933974 -1.1263743 ]]
665
[[-1.02167156 -1.89664862]]
[[ 0.81569753 -0.8503614 ]]
666
[[-1.09912116 -1.81007919]]
[[ 1.02733576 -0.80745532]]
667
[[-0.75195361 -2.0264516 ]]
[[ 0.55303017 -0.92703584]]
668
[[-0.72097837 -1.75195205]]
[[ 0.73505056 -0.54490917]]
669
[[-0.99118424 -1.37145829]]
[[ 0.03355741 -1.06431635]]
670
[[-1.011408   -1.77889379]]
[[ 0.06667042 -1.68708854]]
671
[[-0.85446826 -1.7264506 ]]
[[ 0.03002568 -1.65546835]]
672
[[-1.16393886 -1.96769476]]
[[-0.14289641 -1.30458129]]
673
[[-1.25353149 -1.8668631 ]]
[[ 0.04848863 -1.01054165]]
674
[[-1.56190792 -1.24448699]]
[[-0.30973345 -1.1868474 ]]
675
[[-1.48310782 -1.28905247]]
[[-0.15976475 -1.45305482]]
676
[[-1.05106638 -1.45241755]]
[[-0.50852122 -1.73963253]]
677
[[-1.50543376 -1.51109678]]
[[-0.21381626 -1.88813412]]
678
[[-1.54283971 -1.37342194]]
[[-0.46603925 -2.10326317]]
679
[[-1.39700875 -1.64402455]]
[[-0.54905538 -2.26230994]]
680
[[-1.66595283 -2.01182803]]
[[-0.91588811 -1.87842602]]
681
[[-1.63833103 -1.94410393]]
[[-1.21108645 -2.25269761]]
682
[[-1.97845679 -1.95821441]]
[[-0.94448588 -2.25021944]]
683
[[-1.71540716 -1.63717734]]
[[-0.77754141 -2.09836497]]
684
[[-1.73670708 -1.87262708]]
[[-1.12450731 -1.40107751]]
685
[[-1.52350397 -2.10097502]]
[[-1.12671301 -1.66448694]]
686
[[-1.81198501 -1.93145109]]
[[-1.23131905 -1.47610849]]
687
[[-2.01852069 -1.86719394]]
[[-1.21641204 -1.61674247]]
688
[[-2.07459057 -1.82589397]]
[[-1.69297884 -1.01302324]]
689
[[-2.11036756 -2.03910442]]
[[-1.52533342 -0.98527205]]
690
[[-2.24829412 -1.87885122]]
[[-1.47165142 -1.1407605 ]]
691
[[-2.48874377 -1.56460955]]
[[-0.90105446 -1.02205867]]
692
[[-2.90235455 -1.58073479]]
[[-0.6628762  -0.53900135]]
693
[[-3.32551615 -1.20186282]]
[[-0.74248851 -0.49840072]]
694
[[-2.9882563  -1.17660055]]
[[-0.80371103 -0.6554721 ]]
695
[[-3.14539041 -0.85917651]]
[[-0.60081088 -0.75701479]]
696
[[-3.15254673 -0.98398312]]
[[-0.35271882 -0.94568751]]
697
[[-3.27519614 -1.09485512]]
[[-0.75787367 -0.23594531]]
698
[[-3.32674162 -0.71485482]]
[[-0.97368968  0.07718237]]
699
[[-2.75163153 -0.71984213]]
[[-1.09692693  0.20653756]]
700
[[-2.85185101 -0.23016557]]
[[-0.65280215  0.40725794]]
701
[[-2.9441457  -0.12608693]]
[[-0.27873948  0.27066595]]
702
[[-2.94618406  0.41252689]]
[[-0.33636143 -0.3213802 ]]
703
[[-2.82261427  0.21012382]]
[[-0.69808923  0.13388867]]
704
[[-2.94556503 -0.0048266 ]]
[[-0.1936578   0.13571272]]
705
[[-2.65766292 -0.41825421]]
[[-0.13278965  0.1805804 ]]
706
[[-2.73094341 -0.5524451 ]]
[[-0.35286006 -0.17391466]]
707
[[-2.56034712 -0.17727265]]
[[-0.51433704 -0.61275386]]
708
[[-2.59769167 -0.53943262]]
[[-0.81261827 -0.05089889]]
709
[[-2.57988125 -0.96768742]]
[[-0.9105979  -0.81255334]]
710
[[-2.51696814 -1.51668934]]
[[-1.16496635 -1.07310719]]
711
[[-2.49718543 -1.95422356]]
[[-0.79496287 -0.99266745]]
712
[[-2.1720277  -2.21409834]]
[[-0.77444158 -0.99169739]]
713
[[-2.49243088 -2.08554725]]
[[-0.9160467  -0.93610042]]
714
[[-2.67060204 -2.34982983]]
[[-0.20404979 -1.055611  ]]
715
[[-2.45962556 -2.25191583]]
[[-0.17333634 -1.33422982]]
716
[[-2.55014216 -2.46811271]]
[[-0.38393508 -1.37878387]]
717
[[-2.32971286 -2.3459484 ]]
[[-0.1463972  -1.34146561]]
718
[[-1.94557491 -2.3063463 ]]
[[-0.24269824 -1.68175691]]
719
[[-1.93100485 -2.46928408]]
[[ 0.00951259 -1.44149364]]
720
[[-1.69013399 -2.46109882]]
[[ 0.02059291 -1.37264369]]
721
[[-1.00043234 -2.55444874]]
[[ 0.30209423 -1.51263549]]
722
[[-0.99531687 -2.50039341]]
[[-0.11997271 -1.27734476]]
723
[[-0.94195915 -2.79193702]]
[[-0.0184742  -1.08696011]]
724
[[-0.63534169 -2.6308107 ]]
[[ 0.32275613 -1.06643268]]
725
[[-0.92921888 -2.67633636]]
[[ 0.25931756 -0.61133297]]
726
[[-1.11163652 -2.60822433]]
[[ 0.28065424 -0.79136833]]
727
[[-1.11086761 -2.45472059]]
[[-0.33560886 -0.35551946]]
728
[[-0.98470623 -2.05031329]]
[[-0.45255872 -0.89983071]]
729
[[-1.33564008 -1.80253565]]
[[-0.57968299 -1.1068954 ]]
730
[[-1.03569998 -1.05320693]]
[[-0.80419888 -1.45981773]]
731
[[-1.17585   -1.1125205]]
[[-0.54659125 -1.31966602]]
732
[[-1.57884071 -1.15489716]]
[[-0.04172453 -1.32999063]]
733
[[-1.32015781 -0.88977216]]
[[-0.33693439 -1.35685903]]
734
[[-1.68899714 -0.98556784]]
[[-0.02534744 -0.99633756]]
735
[[-2.09454324 -0.98324646]]
[[-0.25375945 -0.92049415]]
736
[[-1.74141401 -0.76779085]]
[[-0.83000936 -0.98307419]]
737
[[-1.40586514 -0.07405004]]
[[-0.54619764 -1.03148355]]
738
[[-1.14003152  0.44714453]]
[[-0.42799641 -1.3408751 ]]
739
[[-1.04870119  0.49938662]]
[[-0.5376685  -2.04038072]]
740
[[-1.11216506 -0.05027204]]
[[-0.51706575 -1.47822531]]
741
[[-1.27769342 -0.25824182]]
[[-0.30498081 -1.2191968 ]]
742
[[-1.33495493 -0.05330427]]
[[-0.08264238 -1.36908893]]
743
[[-1.09785758  0.33625268]]
[[-0.15309219 -1.81848265]]
744
[[-1.37989528 -0.23988524]]
[[-0.37593799 -1.45224171]]
745
[[-0.87167593 -0.26846039]]
[[-0.76633925 -1.01903758]]
746
[[-0.79298294 -0.45298656]]
[[-0.73695187 -0.82003126]]
747
[[-1.02593954 -0.27184156]]
[[-1.45385231 -0.5704261 ]]
748
[[-0.84886432 -0.36474986]]
[[-1.25184754 -0.12227279]]
749
[[-0.7785261  -0.76382837]]
[[-1.20605185 -0.67594108]]
750
[[-1.18681737 -0.35089772]]
[[-1.02572074 -0.59747209]]
751
[[-1.03676912 -1.05800443]]
[[-0.96605451 -0.92956774]]
752
[[-1.35037096 -1.21770257]]
[[-1.15163675 -0.86351163]]
753
[[-0.97178018 -0.79596725]]
[[-1.32591232 -1.31889296]]
754
[[-1.15798258 -0.31943892]]
[[-1.60726747 -1.68761989]]
755
[[-0.98793567 -0.62046791]]
[[-1.44625107 -1.81462166]]
756
[[-1.23760323 -0.42314916]]
[[-1.52424133 -1.16000248]]
757
[[-0.99621145 -0.09733162]]
[[-1.6148962  -1.14750124]]
758
[[-0.87639597 -0.61929163]]
[[-1.08330311 -1.04454677]]
759
[[-0.65601379 -0.57862037]]
[[-1.4911734  -1.02267665]]
760
[[-0.9607121  -0.09647941]]
[[-2.03752883 -1.10317479]]
761
[[-0.97236409 -0.61617438]]
[[-1.81396909 -1.15159404]]
762
[[-0.45121633 -0.63060938]]
[[-1.33798361 -1.2759599 ]]
763
[[ 0.21719072 -0.70273697]]
[[-1.77930674 -1.56846997]]
764
[[-0.17495356 -1.04819707]]
[[-1.44746745 -1.149911  ]]
765
[[-0.36275138 -1.31209722]]
[[-1.39528054 -0.74127547]]
766
[[-0.30346373 -0.77988641]]
[[-1.56924832 -1.32919216]]
767
[[-0.01093627 -1.24635985]]
[[-1.79119118 -1.77921405]]
768
[[ 0.14212666 -1.2167975 ]]
[[-1.63879287 -1.64372639]]
769
[[ 0.47783542 -1.53163102]]
[[-1.59966757 -1.67506992]]
770
[[ 0.24574973 -1.34495794]]
[[-1.30455907 -1.98109452]]
771
[[ 0.18642592 -1.58829862]]
[[-1.71133953 -2.09138432]]
772
[[ 0.1965875  -1.78484798]]
[[-1.30207782 -2.58200154]]
773
[[ 0.06439988 -2.34164135]]
[[-1.27424827 -2.49943168]]
774
[[ 0.22855274 -2.3585953 ]]
[[-0.81655025 -2.38432748]]
775
[[-0.04450923 -2.12372804]]
[[-0.52629697 -2.50948521]]
776
[[-0.06026708 -2.56446362]]
[[-0.44286295 -2.14593765]]
777
[[-0.06965758 -2.79176472]]
[[-0.29032688 -1.24570752]]
778
[[-0.17685253 -2.20001441]]
[[ 0.09314557 -1.00059896]]
779
[[-0.35650676 -2.39671606]]
[[ 0.02154704 -1.01860806]]
780
[[-0.3054331  -2.22817952]]
[[ 0.21872957 -1.04944157]]
781
[[-0.32634556 -2.26118775]]
[[ 0.22634976 -0.97130484]]
782
[[-0.30769095 -1.83603179]]
[[ 0.19930346 -1.43803816]]
783
[[ 0.10392104 -1.87498896]]
[[ 0.02427849 -1.98818037]]
784
[[ 0.35662267 -1.48679432]]
[[ 0.04197218 -2.32949235]]
785
[[ 0.69546573 -1.73684674]]
[[-0.42891076 -2.25521198]]
786
[[ 0.35410235 -2.08917031]]
[[-0.57688076 -2.4926642 ]]
787
[[ 0.0392012  -2.03437374]]
[[-0.15533424 -2.37865675]]
788
[[-0.23881979 -1.62875449]]
[[-0.18506423 -2.19770601]]
789
[[ 0.15254836 -1.41584714]]
[[-0.59727444 -2.13896688]]
790
[[-0.0312665  -0.97217337]]
[[-0.58183396 -2.27262774]]
791
[[-0.06317298 -1.14494461]]
[[-0.69099019 -1.95236575]]
792
[[ 0.06496584 -1.50380571]]
[[-0.44166329 -2.40960808]]
793
[[-0.10846636 -1.41092803]]
[[-0.78028263 -1.92229934]]
794
[[-0.37855677 -0.74967475]]
[[-0.81350061 -2.77647642]]
795
[[-0.45733939 -0.98491156]]
[[-0.96973972 -3.25160261]]
796
[[-0.42977865 -1.32135139]]
[[-0.7919958  -2.84244798]]
797
[[-0.39159929 -1.596381  ]]
[[-1.26018303 -2.90537664]]
798
[[-0.03884032 -2.41470001]]
[[-1.45303106 -2.98341389]]
799
[[-0.22782899 -2.47623515]]
[[-1.22943287 -2.75959733]]
800
[[-0.20922987 -1.98875372]]
[[-1.18838421 -2.65210387]]
801
[[-0.39994495 -1.46398857]]
[[-1.01301471 -2.88458649]]
802
[[-0.39671377 -1.87152304]]
[[-1.66199023 -2.95370815]]
803
[[-0.31644005 -0.99702668]]
[[-2.41042469 -3.28699644]]
804
[[-0.78459481 -1.13773647]]
[[-1.92889297 -3.95213525]]
805
[[-0.88599125 -0.72375056]]
[[-1.83757636 -3.74153818]]
806
[[-0.80864234 -0.65228579]]
[[-2.34405655 -3.5730817 ]]
807
[[-0.69008079 -1.26950937]]
[[-2.20530668 -3.70052956]]
808
[[-0.58973027 -1.431589  ]]
[[-2.07800419 -3.10709238]]
809
[[-0.4481067  -1.70163966]]
[[-1.81997188 -3.36252012]]
810
[[-0.30633339 -2.33749784]]
[[-2.33955929 -3.13871837]]
811
[[-0.50820426 -2.0317647 ]]
[[-2.90805444 -3.75042483]]
812
[[-0.26858705 -1.73401474]]
[[-2.61879448 -3.55679287]]
813
[[-0.0353734  -2.11925354]]
[[-2.62289892 -3.63114379]]
814
[[ 0.03599451 -1.98910516]]
[[-2.10764073 -3.48273374]]
815
[[ 0.03407923 -1.79135541]]
[[-1.2861383  -3.28402164]]
816
[[-0.27987552 -1.63523849]]
[[-1.10550632 -3.32955382]]
817
[[-0.24226819 -1.97201571]]
[[-1.37918096 -2.66938187]]
818
[[-0.28448602 -2.05008142]]
[[-1.63888362 -2.51886042]]
819
[[-0.86432685 -1.65685328]]
[[-1.35762156 -2.54993875]]
820
[[-1.14635366 -2.27465616]]
[[-1.18587561 -2.35687882]]
821
[[-0.85987588 -2.21802904]]
[[-1.98105206 -2.47961887]]
822
[[-0.85014258 -1.88656642]]
[[-1.80933884 -2.85570781]]
823
[[-0.75718098 -1.99817721]]
[[-1.40550093 -3.53721519]]
824
[[-1.01187275 -1.76522392]]
[[-1.61740615 -3.28938012]]
825
[[-1.07449291 -1.349498  ]]
[[-1.58148066 -3.39910754]]
826
[[-0.89931034 -1.64553933]]
[[-1.37004723 -3.25633061]]
827
[[-1.09049984 -2.14467036]]
[[-1.76907253 -2.62814074]]
828
[[-0.96581729 -2.70257845]]
[[-1.75778722 -2.14643339]]
829
[[-0.61260854 -2.75859991]]
[[-2.41796237 -2.02936279]]
830
[[-0.57197366 -2.66068123]]
[[-2.26215604 -2.31299335]]
831
[[-0.24949288 -3.05797611]]
[[-2.50975332 -1.94764111]]
832
[[-0.37583622 -3.40040936]]
[[-2.85496519 -1.8004599 ]]
833
[[-0.25950285 -4.32159765]]
[[-3.21223883 -1.63284593]]
834
[[-0.1458208  -4.40869419]]
[[-3.03419607 -1.63851561]]
835
[[ 0.24426497 -4.66801434]]
[[-2.85591177 -1.72439926]]
836
[[ 0.31042556 -4.63137093]]
[[-3.18388021 -1.91339073]]
837
[[ 0.43995199 -4.47765121]]
[[-3.22121856 -2.27299368]]
838
[[ 0.78128909 -5.33707552]]
[[-3.747032   -2.03726104]]
839
[[ 1.04511597 -5.65097055]]
[[-3.80881765 -2.25685742]]
840
[[ 1.05391044 -5.54686746]]
[[-3.92620803 -2.22785416]]
841
[[ 0.51797992 -5.31449434]]
[[-4.03785059 -1.69778435]]
842
[[ 0.17749738 -5.40938551]]
[[-4.31378076 -1.24951676]]
843
[[-0.16264633 -5.43751311]]
[[-4.34900204 -1.26666798]]
844
[[-0.07641032 -5.64104502]]
[[-4.63101611 -0.64752064]]
845
[[-0.37329649 -5.36552592]]
[[-4.50722442 -1.0484257 ]]
846
[[-0.27910059 -5.51693732]]
[[-4.60128466 -1.28936453]]
847
[[-0.28286969 -5.77983242]]
[[-5.25137987 -2.0267305 ]]
848
[[-0.24570469 -5.83347323]]
[[-5.3809204  -1.66404969]]
849
[[-0.42492673 -5.73497078]]
[[-5.28583742 -1.45326661]]
850
[[-0.62276835 -5.96970135]]
[[-5.26549865 -1.25589401]]
851
[[-0.69032098 -6.34098281]]
[[-5.62349188 -0.86175142]]
852
[[-0.5145176 -5.871971 ]]
[[-6.19271308 -1.3522081 ]]
853
[[-0.43558385 -5.60682161]]
[[-6.08374036 -1.21170989]]
854
[[-0.79174819 -5.48296486]]
[[-6.19619716 -0.60787596]]
855
[[-0.82228027 -5.58554026]]
[[-5.71272979 -0.08809322]]
856
[[-1.31360427 -5.29919372]]
[[-5.39356473 -0.42344656]]
857
[[-1.15533833 -5.55699152]]
[[-4.74187288 -0.53143811]]
858
[[-1.27240756 -5.50918727]]
[[-4.9648116  -0.44045146]]
859
[[-1.3905838  -5.85647672]]
[[-5.04866498 -0.31498421]]
860
[[-1.53985187 -5.77821811]]
[[-5.51875409e+00  1.90203812e-03]]
861
[[-1.99278649 -5.58460998]]
[[-5.23807345  0.41880623]]
862
[[-2.24846735 -5.39612525]]
[[-4.7558734  -0.23231227]]
863
[[-1.87942106 -5.69149569]]
[[-4.78112731 -0.45896794]]
864
[[-2.14291963 -6.15208809]]
[[-4.72827749 -0.77221466]]
865
[[-2.06419245 -6.35189545]]
[[-4.36752256 -1.12021032]]
866
[[-2.24129046 -6.23315827]]
[[-4.83259295 -1.18498202]]
867
[[-2.87329243 -6.2241509 ]]
[[-4.91290017 -1.33634306]]
868
[[-2.35925334 -5.96715501]]
[[-4.82441542 -1.74292151]]
869
[[-2.21855983 -5.81903902]]
[[-4.43913543 -1.89488028]]
870
[[-2.47120667 -5.39594182]]
[[-4.6118085  -1.45301863]]
871
[[-2.94494721 -5.16045004]]
[[-4.81640612 -0.8074239 ]]
872
[[-2.9246661  -5.54073594]]
[[-5.02284063 -0.72851306]]
873
[[-2.91455797 -4.87712711]]
[[-4.50056485 -0.68190795]]
874
[[-3.044603   -4.47122516]]
[[-4.38352586  0.0708586 ]]
875
[[-2.95491016 -4.31139118]]
[[-3.8525942  -0.41187507]]
876
[[-3.11858563 -4.18532617]]
[[-3.44942097 -0.67197694]]
877
[[-3.2753341  -4.49652454]]
[[-3.98828326 -0.8620403 ]]
878
[[-3.13830571 -5.01579764]]
[[-3.73327209 -0.6915046 ]]
879
[[-2.35778693 -4.63612485]]
[[-4.16847255 -0.91027196]]
880
[[-2.3427776  -5.07606114]]
[[-3.90018812 -0.02389643]]
881
[[-2.02414586 -5.03243272]]
[[-3.15416712 -0.60166277]]
882
[[-1.80319103 -5.07828895]]
[[-3.44451586 -0.45076694]]
883
[[-1.88354543 -5.16822447]]
[[-3.36460032 -1.01518115]]
884
[[-2.15880284 -5.41817721]]
[[-2.73020233 -1.26325971]]
885
[[-1.92870079 -5.04349642]]
[[-2.5916214  -1.46802523]]
886
[[-2.18157716 -4.74284279]]
[[-2.15185304 -0.86741693]]
887
[[-2.2110029  -4.71851812]]
[[-1.97946626 -0.71479948]]
888
[[-1.6894335  -5.12063492]]
[[-1.9241077  -0.55685828]]
889
[[-1.15654837 -4.84954428]]
[[-2.11780307 -0.19192138]]
890
[[-0.82778968 -5.54523768]]
[[-2.29775214 -0.00438385]]
891
[[-0.90977148 -6.05941407]]
[[-2.16120886 -0.0105929 ]]
892
[[-0.90849143 -6.25807359]]
[[-2.10617611 -0.00842149]]
893
[[-0.81429791 -6.51348816]]
[[-2.3634309   0.05705028]]
894
[[-0.79525432 -5.83565504]]
[[-2.57929619  0.45140904]]
895
[[-0.57608565 -6.35117309]]
[[-2.56025309  0.93607448]]
896
[[-0.69773159 -6.05118982]]
[[-1.89901841  1.24142396]]
897
[[-0.52753765 -6.29146843]]
[[-2.17189327  1.18311216]]
898
[[ 0.15323277 -6.7794654 ]]
[[-2.32771099  1.18844076]]
899
[[-0.07689981 -6.4683111 ]]
[[-2.17777214  1.8552253 ]]
900
[[ 0.23606044 -6.2934658 ]]
[[-2.25476882  1.65853032]]
901
[[ 0.22813733 -6.31836365]]
[[-2.24543511  1.89006966]]
902
[[ 0.26527121 -6.67765108]]
[[-2.38334294  2.55453318]]
903
[[ 0.10724738 -6.62506016]]
[[-1.76326474  2.20607432]]
904
[[-0.67489251 -6.37608392]]
[[-1.61947182  2.18592894]]
905
[[-1.11274424 -6.10730601]]
[[-1.45925478  2.30546586]]
906
[[-0.70475656 -6.60078632]]
[[-1.44088522  2.72774444]]
907
[[-0.57260056 -6.68665843]]
[[-1.12056767  2.90865323]]
908
[[-0.53922945 -6.6286745 ]]
[[-1.22804263  2.71011998]]
909
[[-0.84624461 -6.1801355 ]]
[[-1.47162921  2.47041942]]
910
[[-0.66221877 -6.1494672 ]]
[[-1.67166684  2.19800249]]
911
[[-0.38761336 -6.68219967]]
[[-1.86168779  2.10330139]]
912
[[-0.19899952 -6.93235139]]
[[-2.38473668  1.63622469]]
913
[[ 0.29291881 -7.37496699]]
[[-2.95837843  1.76253283]]
914
[[ 0.01375291 -6.66657506]]
[[-2.86311317  1.44964589]]
915
[[-0.00668719 -6.53860983]]
[[-2.84190276  1.17216105]]
916
[[ 0.1176607  -6.61672934]]
[[-2.87510344  1.0776248 ]]
917
[[ 0.03752779 -6.15753577]]
[[-2.41058911  0.8675708 ]]
918
[[ 0.39093682 -6.3271943 ]]
[[-2.6734183   0.19696766]]
919
[[ 0.97245951 -5.72209092]]
[[-2.046861    0.18434708]]
920
[[ 1.03029204 -4.80974032]]
[[-2.36240653  0.13117639]]
921
[[ 0.91474908 -4.63292187]]
[[-2.57840672  0.72259565]]
922
[[ 0.66508366 -5.19397519]]
[[-1.89360207  0.90917405]]
923
[[ 0.32603688 -4.99478673]]
[[-1.46224258  0.81932576]]
924
[[ 0.25354965 -4.52203211]]
[[-1.74825619  0.35932872]]
925
[[ 0.1094928  -4.43760549]]
[[-1.75394026  0.15812597]]
926
[[ 0.03195402 -4.48809556]]
[[-1.86837973 -0.23275425]]
927
[[ 0.18340812 -4.56789291]]
[[-1.25425742 -0.56385151]]
928
[[-0.07013429 -4.49425325]]
[[-0.62329436 -0.49206528]]
929
[[-0.28812108 -4.41507502]]
[[-0.08601534 -0.29905285]]
930
[[-0.71449453 -3.61302813]]
[[-0.34208289 -0.49481405]]
931
[[-0.62163632 -3.09785455]]
[[-0.40774286 -0.94055818]]
932
[[-0.32718512 -3.47735855]]
[[ 0.12161962 -0.97602877]]
933
[[-0.33801145 -3.78828738]]
[[-0.17985004 -1.16701753]]
934
[[-0.55074645 -4.25609051]]
[[-0.40754432 -1.54347135]]
935
[[-1.05851201 -3.68244225]]
[[-0.31992025 -2.27371587]]
936
[[-1.40487751 -3.49709345]]
[[ 0.1194138  -1.94991787]]
937
[[-1.17702947 -3.92419757]]
[[ 0.43173969 -2.10455261]]
938
[[-1.36099052 -3.6107705 ]]
[[ 0.64481956 -1.28090122]]
939
[[-1.02839396 -3.99369061]]
[[ 0.57974139 -1.1621114 ]]
940
[[-1.31746208 -3.90245019]]
[[ 1.26701552 -1.45555877]]
941
[[-1.42894727 -3.30805907]]
[[ 0.9597468  -1.06667608]]
942
[[-1.55611174 -3.14319113]]
[[ 1.23317547 -1.35223121]]
943
[[-1.72848972 -3.06857607]]
[[ 1.8702077  -1.33824083]]
944
[[-1.89230426 -3.79817577]]
[[ 1.87232874 -1.26953904]]
945
[[-1.9108423  -3.55799684]]
[[ 2.35434095 -1.49713867]]
946
[[-1.82843572 -3.46330566]]
[[ 2.29782562 -1.49979   ]]
947
[[-1.72241483 -3.5576066 ]]
[[ 2.25210839 -1.81493018]]
948
[[-1.9196291  -3.52392967]]
[[ 1.77140071 -2.02255827]]
949
[[-1.93359137 -3.80904905]]
[[ 1.54158639 -2.0057486 ]]
950
[[-1.79835519 -3.70562061]]
[[ 1.84790935 -2.39647741]]
951
[[-2.46148486 -3.99733818]]
[[ 2.0019449  -1.75301451]]
952
[[-1.96910582 -3.97621672]]
[[ 1.44337541 -1.6364324 ]]
953
[[-2.66910108 -3.53544973]]
[[ 1.40325514 -1.00480376]]
954
[[-2.72333702 -3.76056025]]
[[ 1.22425847 -0.85198715]]
955
[[-2.85129319 -3.60015047]]
[[ 0.86685623 -0.40427221]]
956
[[-3.33255232 -3.97970293]]
[[ 1.08213963 -0.83292961]]
957
[[-3.24022789 -3.71431951]]
[[ 0.91783474 -1.16308285]]
958
[[-3.38145722 -4.44286912]]
[[ 1.40368745 -0.93618097]]
959
[[-3.5141382  -3.96730275]]
[[ 0.87367411 -0.68144333]]
960
[[-3.26074254 -4.32601164]]
[[ 0.71629889 -0.77782102]]
961
[[-3.48135573 -3.61958613]]
[[ 0.713647   -0.61127727]]
962
[[-3.35415192 -3.48269215]]
[[ 0.69508311 -0.55347375]]
963
[[-3.42365415 -3.57354241]]
[[ 0.10283677 -0.32660186]]
964
[[-3.65242893 -3.34587617]]
[[ 0.5921253  -0.09719784]]
965
[[-3.18147256 -3.88264208]]
[[-0.08814038 -0.57791068]]
966
[[-2.89934837 -4.27168107]]
[[-0.40442505 -0.74580446]]
967
[[-2.44728827 -3.93851441]]
[[-0.6920124  -1.31695333]]
968
[[-2.13686065 -4.153932  ]]
[[-0.66485967 -1.53849713]]
969
[[-1.91632706 -3.78150855]]
[[-0.70759681 -1.41888625]]
970
[[-1.91619702 -3.80279676]]
[[ 0.12638719 -1.40064947]]
971
[[-2.09968302 -3.63452011]]
[[ 0.61574063 -1.95985451]]
972
[[-1.99596863 -3.26823821]]
[[ 0.75070524 -2.26860918]]
973
[[-2.02677577 -3.48609153]]
[[ 0.71263487 -2.54041882]]
974
[[-1.98758846 -3.58248782]]
[[ 1.01220896 -2.74564765]]
975
[[-2.25498773 -3.29668322]]
[[ 1.01315576 -3.09141152]]
976
[[-2.32262381 -2.99998281]]
[[ 0.97478583 -3.19442863]]
977
[[-2.6228473  -3.40888252]]
[[ 0.94325582 -3.16672284]]
978
[[-2.36532262 -2.72125369]]
[[ 0.62942602 -2.71295342]]
979
[[-1.98257858 -2.31906206]]
[[ 0.93017511 -3.17109418]]
980
[[-1.84218018 -2.25070838]]
[[ 0.76408367 -3.02866268]]
981
[[-1.94760985 -2.45128588]]
[[ 0.86938521 -3.26092081]]
982
[[-1.93054042 -2.45212731]]
[[ 0.66587075 -2.96946503]]
983
[[-2.08885783 -1.98620803]]
[[ 0.45544185 -3.25493303]]
984
[[-1.54988951 -2.07841606]]
[[-0.31830327 -3.16946332]]
985
[[-0.95394558 -2.18308517]]
[[-0.19213283 -3.28916809]]
986
[[-0.81977925 -2.31880566]]
[[-0.56728862 -3.16504644]]
987
[[-0.41716687 -2.39322877]]
[[-0.51170736 -3.07887761]]
988
[[-0.34745186 -2.74815424]]
[[-0.07163343 -3.22531629]]
989
[[-0.4637311  -2.48295229]]
[[-0.11637131 -3.03606448]]
990
[[ 0.08950289 -3.41534377]]
[[-0.42290595 -2.64491974]]
991
[[-0.08799694 -3.21485605]]
[[-0.29867696 -2.52774086]]
992
[[-0.05917255 -2.6285328 ]]
[[-0.35014549 -2.62719774]]
993
[[ 0.00629511 -2.96798256]]
[[-0.39855169 -2.2253968 ]]
994
[[ 0.5772871 -3.4133845]]
[[-1.04003837 -2.74530997]]
995
[[ 0.61632653 -3.8388472 ]]
[[-1.11394677 -2.8052827 ]]
996
[[ 0.5271196  -3.27773793]]
[[-1.13591964 -3.3136093 ]]
997
[[ 0.82600521 -3.53880412]]
[[-1.55205588 -3.35059924]]
998
[[ 0.3600798  -3.36503355]]
[[-1.29527021 -2.78806137]]
999
[[ 0.22252663 -3.68974321]]
[[-1.00297723 -2.24250551]]
1000
[[ 0.44448649 -3.26256993]]
[[-0.91668866 -2.78282278]]
1001
[[ 0.48788825 -2.91105168]]
[[-1.21382107 -2.77273482]]
1002
[[ 0.53714837 -3.2489405 ]]
[[-1.81632326 -3.06175322]]
1003
[[ 0.70703156 -3.17665167]]
[[-1.81066068 -3.01667688]]
1004
[[ 0.63848016 -2.48534448]]
[[-1.41667073 -3.2345719 ]]
1005
[[ 0.68456764 -2.31236138]]
[[-1.57114909 -3.06217016]]
1006
[[ 0.62066644 -2.14600646]]
[[-1.76345643 -3.61029792]]
1007
[[ 0.14958983 -1.91615582]]
[[-1.82681067 -2.98897109]]
1008
[[ 0.33267439 -1.8566115 ]]
[[-2.20843153 -2.6593061 ]]
1009
[[ 0.63211451 -1.7755415 ]]
[[-2.21897508 -2.47444309]]
1010
[[ 0.28230592 -1.90256842]]
[[-1.99261529 -2.01623465]]
1011
[[ 0.341569   -1.69631101]]
[[-1.69595609 -1.86567209]]
1012
[[ 0.48661863 -1.78550795]]
[[-1.23008878 -1.90700669]]
1013
[[ 0.62571897 -1.58349975]]
[[-0.95853982 -2.58876748]]
1014
[[ 0.46007638 -1.17401206]]
[[-1.22070666 -2.46272739]]
1015
[[ 0.48934889 -1.48487916]]
[[-1.1076696  -2.20972848]]
1016
[[ 0.30105625 -1.27874849]]
[[-1.09906273 -2.26231304]]
1017
[[ 0.5905503  -1.20911988]]
[[-1.88633422 -2.00580404]]
1018
[[ 0.54111508 -1.24270387]]
[[-2.15600031 -2.00590868]]
1019
[[ 0.34415008 -1.10463458]]
[[-1.69751036 -2.33301237]]
1020
[[ 0.40325018 -1.4198062 ]]
[[-2.35841373 -2.54019581]]
1021
[[-0.04616987 -0.97183156]]
[[-1.64312381 -2.42021003]]
1022
[[-0.7356736  -0.58051516]]
[[-1.59779437 -2.1969992 ]]
1023
[[-0.68759726 -0.58580556]]
[[-1.54251296 -2.350668  ]]
1024
[[-0.62137579 -0.40615714]]
[[-1.363941   -2.49862158]]
1025
[[-0.73260992 -1.08868756]]
[[-1.90423066 -2.54990829]]
1026
[[-0.47692316 -1.11061189]]
[[-2.22510088 -2.13586626]]
1027
[[-0.49760709 -1.07995562]]
[[-1.61256471 -2.41072953]]
1028
[[-0.35443295 -1.15616019]]
[[-1.25549238 -2.39191322]]
1029
[[-0.21658374 -0.61148521]]
[[-0.97411981 -2.39994777]]
1030
[[-0.22432626 -0.75139234]]
[[-0.93144772 -2.39344016]]
1031
[[-0.59149056 -0.76819554]]
[[-0.23876091 -2.07463821]]
1032
[[-0.75806624 -0.82537918]]
[[-0.63477369 -1.39831046]]
1033
[[-0.45312832 -1.03055272]]
[[-1.04058211 -1.60118623]]
1034
[[-0.95352446 -1.20276573]]
[[-1.12389029 -1.3921968 ]]
1035
[[-0.86861889 -1.88768899]]
[[-1.04442887 -1.69092134]]
1036
[[-1.33611    -1.70246584]]
[[-0.0854105  -1.78512652]]
1037
[[-1.0619651  -1.15355021]]
[[-0.0791144  -2.06802498]]
1038
[[-0.95370575 -1.49097184]]
[[-1.55921859e-03 -2.20661063e+00]]
1039
[[-0.80774741 -2.03234651]]
[[ 0.11332797 -2.04803909]]
1040
[[-1.016472   -1.46829708]]
[[-0.08911901 -2.73944609]]
1041
[[-1.23454965 -1.43615836]]
[[-0.26812281 -2.65825983]]
1042
[[-0.94482308 -1.35943251]]
[[-0.12632993 -2.95089354]]
1043
[[-1.14944684 -0.97308676]]
[[ 0.08723238 -2.80346547]]
1044
[[-1.04743917 -1.18636482]]
[[-0.2287502  -2.86521844]]
1045
[[-1.34322142 -1.31964018]]
[[ 0.14892899 -2.8328421 ]]
1046
[[-0.97173524 -1.31615172]]
[[ 0.07792649 -2.70654314]]
1047
[[-1.39210567 -1.20691525]]
[[ 0.62040825 -2.59037991]]
1048
[[-1.24194974 -1.43627368]]
[[ 0.22422691 -2.48439302]]
1049
[[-0.71760289 -1.39640613]]
[[ 0.34989971 -2.79454375]]
1050
[[-0.80005404 -1.21760953]]
[[ 0.22980781 -2.9933809 ]]
1051
[[-0.61608897 -1.39519043]]
[[ 0.35392375 -3.32163333]]
1052
[[-0.66524595 -1.67154045]]
[[-0.04380832 -2.93469477]]
1053
[[-0.63769812 -1.93567465]]
[[-0.39805519 -2.42361886]]
1054
[[-0.75294564 -1.68409628]]
[[-0.40041769 -2.35802725]]
1055
[[-1.30718271 -1.71191383]]
[[-0.18264894 -2.60628106]]
1056
[[-1.41945596 -1.71609755]]
[[ 0.31118528 -2.10749851]]
1057
[[-1.54572281 -1.59515747]]
[[ 0.32755791 -1.77788228]]
1058
[[-0.98693973 -1.58359339]]
[[ 0.49813027 -1.67752312]]
1059
[[-1.04770637 -1.97637907]]
[[ 0.27430808 -1.41080728]]
1060
[[-0.68662629 -2.01294289]]
[[-0.03629572 -1.32467356]]
1061
[[-0.53135623 -2.25841078]]
[[-0.09908149 -1.38247953]]
1062
[[-0.7236665  -2.23356693]]
[[ 0.29469581 -0.95372327]]
1063
[[-0.88274625 -2.29781212]]
[[ 0.124069   -0.60117297]]
1064
[[-0.81883175 -2.61110371]]
[[-0.29727824 -0.03366546]]
1065
[[-0.59695758 -3.09260068]]
[[-0.53343541 -0.06610548]]
1066
[[-0.3820547  -3.61193395]]
[[-1.30409081  0.38685508]]
1067
[[-0.53825151 -3.66261041]]
[[-1.3852646   0.82681071]]
1068
[[-0.27976626 -3.95712564]]
[[-2.03959426  0.76522423]]
1069
[[-0.39315072 -3.32784473]]
[[-1.94731287  0.9682477 ]]
1070
[[-0.0700464  -3.78955264]]
[[-2.01256605  0.3117393 ]]
1071
[[-0.34126972 -2.99113558]]
[[-2.00385408  0.17405455]]
1072
[[-0.42500081 -3.07624077]]
[[-2.33290104  0.21583693]]
1073
[[-0.57809467 -3.0632535 ]]
[[-2.196288    0.04926613]]
1074
[[-0.35027209 -3.200842  ]]
[[-2.9141554   0.25141515]]
1075
[[-0.52980238 -3.74876104]]
[[-2.87992692  0.13561461]]
1076
[[-0.1066801  -3.99882612]]
[[-2.49754314 -0.19423314]]
1077
[[-0.05187373 -3.74977345]]
[[-2.88337339 -0.51235308]]
1078
[[-0.42229345 -3.59979374]]
[[-3.07080576  0.04082956]]
1079
[[-0.6024955  -3.87626345]]
[[-3.0852161   0.19959315]]
1080
[[-0.79703959 -3.39674236]]
[[-2.92378992 -0.04130192]]
1081
[[-0.34732892 -3.26360819]]
[[-2.83837943 -0.10405037]]
1082
[[-0.6728718  -2.52235069]]
[[-2.31426346  0.24880251]]
1083
[[-0.68823499 -2.7193239 ]]
[[-1.95648863 -0.03876696]]
1084
[[-0.38000511 -2.63216038]]
[[-1.99522823 -0.18001793]]
1085
[[-0.10705932 -2.49033936]]
[[-2.54155592  0.04108778]]
1086
[[-0.02463867 -2.48294531]]
[[-2.90184704 -0.21737565]]
1087
[[ 0.41526359 -2.72947604]]
[[-2.77964831 -0.3717935 ]]
1088
[[ 0.53351503 -2.90980882]]
[[-2.10993934 -0.4306454 ]]
1089
[[ 0.76113915 -2.80572764]]
[[-2.46718675 -0.34122444]]
1090
[[ 0.48890591 -1.86196568]]
[[-2.12788884 -0.65860136]]
1091
[[ 0.6111347  -1.92466836]]
[[-1.77001469 -0.46631438]]
1092
[[ 0.61146828 -1.42231946]]
[[-1.41358744 -0.60679814]]
1093
[[ 0.61345911 -1.18186592]]
[[-1.56306229 -0.84091924]]
1094
[[ 0.41187422 -1.86706834]]
[[-1.4745606  -0.38178286]]
1095
[[ 0.26314176 -1.84639073]]
[[-1.44752563 -0.550745  ]]
1096
[[ 0.19508736 -1.56914736]]
[[-1.10831644 -0.59469983]]
1097
[[ 0.03489458 -1.4373112 ]]
[[-1.52862259 -0.98522069]]
1098
[[-0.06570035 -1.63724512]]
[[-1.14668559 -0.61646591]]
1099
[[-0.01474891 -1.75100603]]
[[-1.61932448 -0.03490874]]
1100
[[ 0.19801044 -1.58946575]]
[[-1.74997585  0.21213584]]
1101
[[ 0.0870314  -1.37386005]]
[[-1.7047364   0.61839674]]
1102
[[ 0.63036823 -1.31570135]]
[[-1.49559305  0.48582085]]
1103
[[ 0.62119299 -1.2783946 ]]
[[-0.97364267  0.93212413]]
1104
[[ 0.63640768 -1.19073975]]
[[-1.14684253  0.5974045 ]]
1105
[[ 0.67770459 -1.40284397]]
[[-1.32508     0.84042448]]
1106
[[ 0.88269055 -1.7403414 ]]
[[-0.99387679  0.25825369]]
1107
[[ 0.41704407 -1.60298272]]
[[-0.5951228   0.68178515]]
1108
[[ 0.34552916 -1.33421229]]
[[-0.72237279  0.93571492]]
1109
[[ 0.67462467 -1.54461793]]
[[-1.01454893  0.65781426]]
1110
[[-0.22220675 -0.55629048]]
[[-0.53056683  0.58037908]]
1111
[[-0.33233723 -0.80984365]]
[[-0.81202834  1.86190208]]
1112
[[-0.56825695 -0.42350706]]
[[-0.7194982   1.61844178]]
1113
[[-0.31422237 -0.23897799]]
[[-0.3350268   1.21909236]]
1114
[[-0.13137321 -0.36788373]]
[[-0.61274114  0.74047117]]
1115
[[-0.73345678  0.31136606]]
[[-9.25960399e-01  5.64094318e-04]]
1116
[[-0.66102519  0.16494757]]
[[-0.9977431   0.28245678]]
1117
[[-0.78737163 -0.69994825]]
[[-1.1698352   0.47232917]]
1118
[[-0.8692788  -0.38083191]]
[[-0.9788591  -0.27744813]]
1119
[[-0.99798833 -0.88896955]]
[[-0.96562475 -0.14258351]]
1120
[[-1.36384789 -1.36327456]]
[[-0.92849281 -0.06513781]]
1121
[[-1.34190964 -1.87402265]]
[[-1.25703678  0.41745962]]
1122
[[-1.01383143 -1.85443637]]
[[-1.10083259  0.81363158]]
1123
[[-0.78493531 -2.08171079]]
[[-1.06401679  0.87750249]]
1124
[[-0.97091411 -2.0461694 ]]
[[-0.71560254  1.12760384]]
1125
[[-0.98435741 -2.19693106]]
[[-1.02220916  1.26255794]]
1126
[[-0.70903531 -2.14754934]]
[[-0.84537499  1.44443677]]
1127
[[-0.77073851 -2.24163776]]
[[-0.53094312  0.95334238]]
1128
[[-0.67720711 -2.19319076]]
[[-0.50584921  0.34666979]]
1129
[[-0.38251792 -1.83780494]]
[[-0.15941391 -0.25261268]]
1130
[[-0.07284155 -1.62551671]]
[[-0.17855231 -0.63206137]]
1131
[[ 0.15401738 -1.8562531 ]]
[[-0.34387042 -1.20474235]]
1132
[[ 0.69148024 -2.55332293]]
[[-0.31629393 -1.5694119 ]]
1133
[[ 0.48350178 -2.76328475]]
[[-0.20909366 -1.27930123]]
1134
[[ 0.42207944 -2.6052523 ]]
[[-0.23640835 -1.34052861]]
1135
[[ 0.56562956 -2.10291472]]
[[-0.35501212 -1.96093542]]
1136
[[ 0.80082418 -1.74213524]]
[[-0.31834255 -1.73835433]]
1137
[[ 0.79890487 -2.15668506]]
[[-0.38053582 -1.73066594]]
1138
[[ 0.99968461 -2.37296242]]
[[-0.22811025 -1.96196008]]
1139
[[ 0.44216079 -2.34988082]]
[[ 0.33434109 -2.4523351 ]]
1140
[[ 0.18885108 -2.05715459]]
[[ 0.06319312 -2.37160497]]
1141
[[ 0.05794321 -1.87299094]]
[[-0.03778107 -2.2108693 ]]
1142
[[ 0.21080536 -2.329697  ]]
[[ 0.21174262 -2.12080153]]
1143
[[ 0.14042829 -2.38630127]]
[[-0.04750496 -1.8274983 ]]
1144
[[-0.00908042 -2.99239153]]
[[-0.01878384 -1.4196293 ]]
1145
[[ 0.2808355  -2.81529158]]
[[ 0.3046833  -2.24669984]]
1146
[[ 0.57370181 -3.16321259]]
[[ 0.14987449 -2.37563482]]
1147
[[ 0.81907552 -3.20862119]]
[[ 0.62768688 -2.45671328]]
1148
[[ 0.90591545 -3.60401654]]
[[ 0.75329148 -2.11489419]]
1149
[[ 0.95855431 -3.22689762]]
[[ 0.46893644 -2.10587183]]
1150
[[ 1.27910166 -3.01715297]]
[[ 0.80111519 -2.18806091]]
1151
[[ 1.70540332 -3.16688163]]
[[ 1.22914647 -1.7765858 ]]
1152
[[ 1.47427338 -2.45394462]]
[[ 1.40505235 -1.88714056]]
1153
[[ 1.1000352  -2.47141393]]
[[ 1.05517117 -1.76203346]]
1154
[[ 1.07587588 -1.97050378]]
[[ 1.04813046 -2.07449163]]
1155
[[ 0.71662478 -1.78687261]]
[[ 1.47167299 -1.57718946]]
1156
[[ 0.47172641 -2.17341413]]
[[ 1.57203194 -1.08244778]]
1157
[[ 0.55510258 -1.88202571]]
[[ 0.93496568 -1.21940769]]
1158
[[ 0.47062435 -1.99385396]]
[[ 1.23134393 -1.01410492]]
1159
[[ 0.175403  -2.0991208]]
[[ 1.39263676 -0.65446695]]
1160
[[-0.06439099 -1.98523866]]
[[ 1.14595337 -0.4161275 ]]
1161
[[ 0.1268606  -1.45363926]]
[[ 1.20240516 -0.83111551]]
1162
[[ 0.00330406 -2.05324773]]
[[ 1.18123019 -1.00759958]]
1163
[[-0.43617092 -1.93257206]]
[[ 1.02599289 -0.07306605]]
1164
[[-0.62979824 -1.57606931]]
[[1.27138936 0.05791878]]
1165
[[-0.70696303 -1.32537168]]
[[0.96044534 0.23757124]]
1166
[[-0.40120037 -0.89988156]]
[[0.63842023 0.03558319]]
1167
[[-0.64343518 -0.38159908]]
[[0.76592397 0.01019662]]
1168
[[-0.92586922 -0.65100916]]
[[0.74880664 0.47602624]]
1169
[[-1.23551559 -0.34571964]]
[[0.54225984 0.27201252]]
1170
[[-1.60390225 -0.31947323]]
[[ 0.49767328 -0.05574688]]
1171
[[-1.60464858 -0.58080386]]
[[0.58873964 0.15235938]]
1172
[[-1.16590374 -0.68327604]]
[[0.4780717  0.38187409]]
1173
[[-0.84284572 -0.95846272]]
[[0.0013771  0.35454062]]
1174
[[-0.87288435 -0.53499408]]
[[0.03949347 0.46219628]]
1175
[[-0.96037623 -0.57976916]]
[[0.61776767 0.18600974]]
1176
[[-1.05029591 -0.20781987]]
[[ 0.53057914 -0.09491079]]
1177
[[-0.92060638  0.26688349]]
[[ 0.74577636 -0.2235019 ]]
1178
[[-0.66317798  0.05161971]]
[[ 0.79643359 -0.42473936]]
1179
[[-0.72982226  0.1165338 ]]
[[ 1.05419824 -0.28022515]]
1180
[[-0.83354777 -0.64464274]]
[[1.17922403 0.33829038]]
1181
[[-1.04792084 -0.10783175]]
[[ 1.13743807 -0.35802495]]
1182
[[-0.8576988  -0.40333591]]
[[ 1.03903581 -0.07264739]]
1183
[[-1.50644967 -0.74063928]]
[[1.09130782 0.37810478]]
1184
[[-1.91281752 -0.39105689]]
[[1.10021326 0.69384533]]
1185
[[-1.90474601 -0.92185707]]
[[1.33102404 1.12625591]]
1186
[[-1.75564177 -1.32298915]]
[[1.22433607 0.63348727]]
1187
[[-1.53677944 -0.93891361]]
[[1.48963853 0.89982641]]
1188
[[-1.44579854 -0.90243106]]
[[1.7975846  0.55647552]]
1189
[[-1.12342856 -0.56161102]]
[[1.63128934 0.6797353 ]]
1190
[[-1.27256617 -0.75886972]]
[[1.32014    0.08185428]]
1191
[[-1.37672057 -0.43539621]]
[[1.51430784 0.06741291]]
1192
[[-1.91521469 -0.31073747]]
[[ 1.83316697 -0.23399927]]
1193
[[-2.07484687 -0.01106794]]
[[ 1.93435119 -0.14360772]]
1194
[[-2.18320034 -0.06967075]]
[[ 2.07944879 -0.03597302]]
1195
[[-2.19864501  0.14926486]]
[[ 2.28479467 -0.08614859]]
1196
[[-1.9525519  -0.08478555]]
[[ 2.49008931 -0.46235375]]
1197
[[-1.7968549  -0.00472684]]
[[ 2.91347819 -0.51206107]]
1198
[[-1.60184163  0.52974875]]
[[ 3.24512521 -0.48588581]]
1199
[[-1.62113784  0.42448575]]
[[ 3.43204706 -0.0218986 ]]
1200
[[-1.87777633  0.09102566]]
[[ 3.40884886 -0.08334064]]
1201
[[-2.35403991  0.2578989 ]]
[[ 3.87013652 -0.17221863]]
1202
[[-2.26289179  0.00801081]]
[[4.10474535 0.23968219]]
1203
[[-2.50530161 -0.6162543 ]]
[[4.42052089 0.82250476]]
1204
[[-2.0930757  -1.15790482]]
[[4.6712775 0.6127792]]
1205
[[-1.68722324 -1.29587391]]
[[ 4.17940636 -0.0325881 ]]
1206
[[-1.48968572 -1.68499942]]
[[4.23593268 0.23112103]]
1207
[[-1.50314316 -1.68217267]]
[[4.13348004 0.32873482]]
1208
[[-1.40928317 -1.89525837]]
[[4.23162618 0.57941664]]
1209
[[-1.25913821 -2.11802115]]
[[3.40866775 0.48298522]]
1210
[[-1.50425419 -2.1484123 ]]
[[3.29352344 1.02396639]]
1211
[[-2.05316759 -2.77604606]]
[[2.99547402 0.56727329]]
1212
[[-1.94356321 -3.16986498]]
[[3.10011478 0.55898326]]
1213
[[-1.63410069 -3.15423476]]
[[2.7420161  0.51452596]]
1214
[[-1.58724091 -3.19069912]]
[[2.97904763 0.13071035]]
1215
[[-1.20536249 -3.2502226 ]]
[[ 3.42545032 -0.4612477 ]]
1216
[[-1.05128654 -3.34719832]]
[[ 3.50581752 -0.80181944]]
1217
[[-1.01514308 -2.96386388]]
[[ 3.82920144 -1.01120414]]
1218
[[-1.10665607 -2.856109  ]]
[[ 4.1260083  -0.67570827]]
1219
[[-0.3277533  -2.46870051]]
[[ 4.44680923 -1.28047235]]
1220
[[-0.03087332 -2.94046484]]
[[ 4.13027216 -0.69796973]]
1221
[[ 0.02002668 -2.53370431]]
[[ 4.89373469 -0.43122317]]
1222
[[-0.3528095  -2.56657897]]
[[ 5.00340042 -0.52431774]]
1223
[[-0.13824709 -2.23565528]]
[[ 4.75037877 -0.76449088]]
1224
[[ 0.1220879  -2.21441326]]
[[ 4.27292948 -0.42628547]]
1225
[[ 0.40722197 -2.65702485]]
[[ 4.79715474 -0.6302805 ]]
1226
[[ 0.10937339 -2.5836438 ]]
[[ 4.41170834 -0.67726543]]
1227
[[-0.00983551 -2.6321248 ]]
[[ 4.39437843 -0.13995248]]
1228
[[ 0.17411618 -2.10643891]]
[[ 4.10281187 -0.73244169]]
1229
[[ 0.06433819 -1.71802507]]
[[ 3.58535782 -0.8715343 ]]
1230
[[ 0.00878575 -1.79631378]]
[[ 3.93756566 -0.35416705]]
1231
[[ 0.17740668 -1.63618299]]
[[ 4.11368937 -0.41826811]]
1232
[[ 0.51343205 -2.00175073]]
[[3.8323698  0.18830518]]
1233
[[ 0.72499085 -1.93447842]]
[[ 3.54110599 -0.15761673]]
1234
[[ 0.622599   -1.76706838]]
[[ 3.82834498 -0.31466322]]
1235
[[ 0.78870583 -2.16153146]]
[[3.7070889  0.00587037]]
1236
[[ 0.39867893 -2.11672776]]
[[ 4.05216026 -0.14407227]]
1237
[[ 0.77409141 -1.84941015]]
[[ 4.09692473 -0.19954761]]
1238
[[ 0.57636269 -1.99343892]]
[[3.71530137 0.28309504]]
1239
[[ 0.35137188 -1.91449941]]
[[4.03750705 0.4546537 ]]
1240
[[ 0.02250621 -2.63171093]]
[[4.12084363 0.45520902]]
1241
[[ 0.19341186 -2.82801258]]
[[3.75635501 0.42114078]]
1242
[[-0.0621562  -2.37038639]]
[[4.00133633 0.88626822]]
1243
[[-0.12691416 -2.8330881 ]]
[[4.16416017 0.81024303]]
1244
[[-0.0832088  -2.43218212]]
[[3.5491853  0.97195319]]
1245
[[-0.01231942 -2.77710723]]
[[3.84609834 0.62129389]]
1246
[[ 0.23916889 -2.65684588]]
[[3.27143887 0.7924382 ]]
1247
[[-0.04482621 -2.18857295]]
[[2.87562776 1.17588809]]
1248
[[ 0.33733199 -1.90953483]]
[[2.78171272 1.34450112]]
1249
[[ 0.08498118 -2.24169986]]
[[2.60575258 1.13108289]]
1250
[[-0.0376533  -3.06736025]]
[[2.1632899  1.86548798]]
1251
[[ 0.00988483 -3.26039033]]
[[1.83627413 1.48425383]]
1252
[[-0.08857094 -2.81891012]]
[[1.87275429 1.54489748]]
1253
[[ 0.04442489 -2.79813537]]
[[1.65100924 1.85638362]]
1254
[[-0.02380742 -2.78445512]]
[[1.91816533 1.9137591 ]]
1255
[[-0.14083742 -2.88108387]]
[[2.19189582 2.05525339]]
1256
[[-0.24614498 -1.75760693]]
[[2.28943433 1.71045932]]
1257
[[-0.05736109 -2.26148354]]
[[2.57249804 1.2121856 ]]
1258
[[ 0.24242471 -2.49309997]]
[[2.06619467 1.36859759]]
1259
[[ 0.04048781 -2.33026011]]
[[1.87955952 1.6121668 ]]
1260
[[-0.07148806 -1.99745559]]
[[1.87201094 1.14346039]]
1261
[[ 0.20863554 -1.81902764]]
[[2.00901568 0.74930264]]
1262
[[ 0.31945086 -1.46016445]]
[[2.19875134 0.56568676]]
1263
[[-0.24781665 -1.34661739]]
[[2.45313046 1.43813106]]
1264
[[-0.38255443 -1.63236812]]
[[2.49765624 1.62554712]]
1265
[[-0.64151047 -1.45388794]]
[[2.44800155 2.13830446]]
1266
[[-0.28295944 -1.50043236]]
[[2.33985633 1.90492367]]
1267
[[-0.22063844 -1.43536543]]
[[2.19837311 2.19908944]]
1268
[[ 0.33950352 -1.17116051]]
[[1.78620686 1.44625423]]
1269
[[ 0.27728538 -0.72050333]]
[[2.08279951 1.20499746]]
1270
[[ 0.80656823 -0.17526921]]
[[1.926647   0.81530196]]
1271
[[ 0.84336966 -0.44341313]]
[[1.80253904 0.29667617]]
1272
[[ 0.82975779 -0.03788824]]
[[1.47515146 0.52430312]]
1273
[[ 1.10347045 -0.24893967]]
[[2.04719457 0.31113985]]
1274
[[ 1.02949353 -0.11006962]]
[[2.14665931 0.35111624]]
1275
[[1.13915655 0.4521655 ]]
[[ 2.71974399 -0.15971376]]
1276
[[0.79101784 0.60572037]]
[[ 2.88977956 -0.39025308]]
1277
[[0.89619271 0.41680914]]
[[ 2.19779412 -0.07943553]]
1278
[[0.92663447 0.03558193]]
[[2.30556768 0.26295768]]
1279
[[0.82981881 0.22301727]]
[[ 2.52272957 -0.24014925]]
1280
[[ 0.48128932 -0.03587551]]
[[2.42024031 0.00555317]]
1281
[[0.45208633 0.10403087]]
[[ 2.0032355  -0.24288701]]
1282
[[ 0.32056343 -0.19806701]]
[[ 1.80360742 -0.33593556]]
1283
[[ 0.34536557 -0.34680707]]
[[1.67450938 0.07022407]]
1284
[[ 0.07517569 -0.81277   ]]
[[ 1.69779022 -0.10211609]]
1285
[[-0.1092988  -0.77782888]]
[[ 2.19802739 -0.1985758 ]]
1286
[[ 0.47079187 -1.12108699]]
[[ 2.51021163 -0.18153674]]
1287
[[ 0.63294082 -1.41511072]]
[[3.0190093  0.34359009]]
1288
[[ 0.58650515 -1.89218816]]
[[2.78247313 0.31683546]]
1289
[[ 0.22297154 -1.58835994]]
[[2.85665684 0.54167098]]
1290
[[ 0.20258363 -1.45179979]]
[[3.08150902 0.89501711]]
1291
[[ 0.32078413 -0.49217426]]
[[2.74123416 0.39041084]]
1292
[[-0.18114633  0.02930553]]
[[ 3.02277006 -0.23998615]]
1293
[[-0.17990478 -0.13177724]]
[[ 3.16680446 -0.23296574]]
1294
[[ 0.05884812 -0.43013095]]
[[ 3.11975153 -0.18078702]]
1295
[[ 0.27098434 -0.02744828]]
[[ 3.46303846 -0.41910265]]
1296
[[ 0.82526229 -0.23622539]]
[[ 3.37877838 -0.40255947]]
1297
[[ 0.8979007  -0.74353888]]
[[ 3.30158103 -0.18618882]]
1298
[[ 0.98995738 -0.77062199]]
[[3.30551397 0.01582686]]
1299
[[ 0.94509365 -0.16431538]]
[[3.03425764 0.56588808]]
1300
[[ 1.21010541 -0.66807308]]
[[1.85496141 1.15396359]]
1301
[[ 1.08539522 -0.13963886]]
[[2.32957484 1.089115  ]]
1302
[[ 1.1426107  -0.40934268]]
[[2.90217401 0.7018109 ]]
1303
[[ 1.41599817 -0.16837468]]
[[2.8835579  0.38849461]]
1304
[[ 1.91824125 -1.34500939]]
[[2.88202461 0.63840941]]
1305
[[ 1.70112246 -1.87535053]]
[[3.38500969 0.73853179]]
1306
[[ 1.61408345 -1.49000233]]
[[3.17255907 0.22723149]]
1307
[[ 1.83990204 -1.48318496]]
[[3.39034568 0.17799977]]
1308
[[ 2.13948925 -2.47285182]]
[[3.93438538 0.520519  ]]
1309
[[ 2.19786506 -1.79436176]]
[[ 4.04898583 -0.04496289]]
1310
[[ 2.23474733 -2.73401371]]
[[ 4.36729586 -0.27196512]]
1311
[[ 1.88744085 -2.51781863]]
[[ 3.82753611 -0.11697858]]
1312
[[ 1.7167929  -2.63229196]]
[[ 4.01965971 -0.3325821 ]]
1313
[[ 1.85551336 -2.75774927]]
[[ 3.71039696 -0.65115921]]
1314
[[ 1.63932618 -2.28878849]]
[[ 3.54015738 -0.72654299]]
1315
[[ 1.81185436 -2.25246029]]
[[ 3.27943889 -0.86084302]]
1316
[[ 2.06803244 -1.88553412]]
[[ 3.46635006 -0.25337949]]
1317
[[ 2.12070275 -1.42754094]]
[[3.37737575 0.10190485]]
1318
[[ 1.95838382 -1.44526381]]
[[ 3.68069339 -0.10391883]]
1319
[[ 1.70471803 -1.36070176]]
[[ 3.83204893 -0.13139815]]
1320
[[ 1.62244516 -1.22643294]]
[[3.77966574 0.12140353]]
1321
[[ 1.41200404 -1.18637465]]
[[3.89632011 0.36296329]]
1322
[[ 1.47544476 -1.65066586]]
[[3.71746604 0.52340304]]
1323
[[ 1.88893152 -1.71056223]]
[[3.62401757 0.90946494]]
1324
[[ 1.83539281 -2.12072613]]
[[3.98360392 0.84878052]]
1325
[[ 1.58183579 -1.7112776 ]]
[[4.4528335 1.047416 ]]
1326
[[ 1.69272062 -2.35655478]]
[[4.47128664 0.82195976]]
1327
[[ 1.54186618 -2.32489178]]
[[4.086364  0.4537569]]
1328
[[ 1.4961099  -1.96342034]]
[[4.26703341 0.74556314]]
1329
[[ 1.71180572 -1.67229204]]
[[4.17949702 0.04999433]]
1330
[[ 1.73225573 -1.70797983]]
[[3.9789171  0.32787801]]
1331
[[ 1.71694431 -1.71883297]]
[[4.02773538 0.98213854]]
1332
[[ 2.04087113 -2.16343953]]
[[3.76507055 0.95736318]]
1333
[[ 1.79550783 -1.97553702]]
[[3.53797578 0.40543546]]
1334
[[ 2.50019807 -2.54468678]]
[[3.85197318 0.47448698]]
1335
[[ 2.59272379 -2.98628558]]
[[4.43468398 0.72545787]]
1336
[[ 2.52061575 -2.91185141]]
[[3.59605283 1.20624895]]
1337
[[ 2.12746418 -2.61158885]]
[[3.93957466 0.99160626]]
1338
[[ 1.9748055  -2.08725551]]
[[4.80429145 0.78298526]]
1339
[[ 1.57124856 -2.26872493]]
[[4.90276246 0.89362757]]
1340
[[ 1.21148931 -2.37565234]]
[[5.32918672 0.32853645]]
1341
[[ 1.54473243 -2.84785193]]
[[5.04791448 0.80518372]]
1342
[[ 1.32163353 -2.61701849]]
[[4.81513991 0.96182431]]
1343
[[ 1.22448726 -2.86399874]]
[[5.08459628 1.13642189]]
1344
[[ 1.09154857 -3.08811915]]
[[5.35753309 1.49744505]]
1345
[[ 0.6138898  -3.04931971]]
[[4.89702347 1.96166217]]
1346
[[ 0.83487414 -2.50327672]]
[[4.37833442 2.03229376]]
1347
[[ 1.34198716 -3.45557581]]
[[4.46610319 1.98749064]]
1348
[[ 0.92636198 -3.27293979]]
[[5.15454543 2.36415854]]
1349
[[ 0.67847814 -3.17741759]]
[[4.7116993  2.57524271]]
1350
[[ 0.67600341 -3.66061086]]
[[3.7471315  2.97563797]]
1351
[[ 0.62394027 -3.2750419 ]]
[[3.35863545 2.56956307]]
1352
[[ 0.47432869 -3.38586765]]
[[3.28527461 1.95642535]]
1353
[[ 0.35871087 -3.41646022]]
[[3.25845125 2.25532249]]
1354
[[ 0.79702888 -4.0750558 ]]
[[2.27270532 2.0653804 ]]
1355
[[ 1.01315477 -4.7359579 ]]
[[2.07592092 2.70354041]]
1356
[[ 1.34034204 -4.16867642]]
[[2.4345091 3.0891599]]
1357
[[ 1.2739785  -3.73010037]]
[[2.08180744 3.49460407]]
1358
[[ 1.89912966 -3.67479513]]
[[2.24204594 3.34442416]]
1359
[[ 1.88005487 -3.4753483 ]]
[[2.13432685 3.26967516]]
1360
[[ 1.91465004 -3.21614722]]
[[2.49168473 3.08551691]]
1361
[[ 1.79505412 -4.03724758]]
[[2.84926938 3.14319964]]
1362
[[ 1.57512539 -3.74632425]]
[[2.60252492 3.19026062]]
1363
[[ 1.27211681 -4.33725721]]
[[2.37935038 3.52711011]]
1364
[[ 1.33838851 -4.54845263]]
[[1.87565253 3.39137893]]
1365
[[ 1.64294284 -4.54587914]]
[[1.62838776 3.00249085]]
1366
[[ 1.51466273 -4.96586096]]
[[1.22181878 3.11886745]]
1367
[[ 1.49939449 -5.43815191]]
[[1.3126181  3.65282864]]
1368
[[ 1.49938364 -5.66882094]]
[[1.50215641 3.20125827]]
1369
[[ 1.28133578 -5.32114998]]
[[1.04649777 3.24723449]]
1370
[[ 0.9882709  -5.34900494]]
[[0.86716227 3.13143473]]
1371
[[ 1.1913833  -5.64656941]]
[[0.80805012 3.12517326]]
1372
[[ 0.94091647 -5.61009244]]
[[0.55591874 3.11454399]]
1373
[[ 1.28756326 -5.68165605]]
[[1.04764927 3.26316377]]
1374
[[ 1.19890083 -5.83821716]]
[[1.00632082 3.19974355]]
1375
[[ 1.17435367 -5.27913826]]
[[1.28701172 2.79778017]]
1376
[[ 1.60158134 -5.43356445]]
[[1.29366354 2.58365803]]
1377
[[ 1.71540839 -5.44012628]]
[[1.07037534 3.01737466]]
1378
[[ 1.54386413 -5.33414112]]
[[0.68077452 3.1730592 ]]
1379
[[ 1.5197161  -5.51975617]]
[[0.33127894 3.5213245 ]]
1380
[[ 1.81723243 -5.16525193]]
[[0.4198816  3.42666422]]
1381
[[ 1.76578392 -5.54655171]]
[[0.70431507 2.95193106]]
1382
[[ 1.78695177 -5.3364095 ]]
[[0.29440189 3.02654504]]
1383
[[ 1.93764818 -5.00236123]]
[[0.56367234 3.55269952]]
1384
[[ 1.66133412 -4.4830628 ]]
[[0.62490242 3.47144328]]
1385
[[ 1.68273265 -4.16281838]]
[[1.10318379 3.32448841]]
1386
[[ 1.83034451 -4.0618178 ]]
[[1.3046233  3.74647747]]
1387
[[ 2.22188027 -3.72325581]]
[[1.65053036 3.78341003]]
1388
[[ 2.33639952 -4.10095303]]
[[1.90138693 3.71254564]]
1389
[[ 2.54232115 -4.12582329]]
[[1.10337238 3.79000367]]
1390
[[ 2.4920463  -3.94217192]]
[[0.66664046 4.30285589]]
1391
[[ 2.57558862 -4.12581925]]
[[0.42921887 4.35200903]]
1392
[[ 2.80650068 -3.48116195]]
[[0.84398153 3.88646023]]
1393
[[ 2.98764973 -3.43145044]]
[[0.93973442 3.34116061]]
1394
[[ 2.73166467 -3.00657423]]
[[0.97471335 3.5461512 ]]
1395
[[ 2.8001916  -2.92277468]]
[[0.70855927 4.05556681]]
1396
[[ 2.90182319 -2.84891144]]
[[0.74581617 4.13066957]]
1397
[[ 3.26310751 -2.67270901]]
[[0.82174512 4.72962869]]
1398
[[ 3.34521084 -2.51578591]]
[[0.36173008 5.06056628]]
1399
[[ 3.18208987 -2.25726701]]
[[0.4846304  4.43252745]]
1400
[[ 2.89915621 -2.20971642]]
[[0.5037188  4.64501634]]
1401
[[ 2.75258453 -2.62858354]]
[[0.61356332 4.79046412]]
1402
[[ 2.44187413 -3.03744987]]
[[0.38119445 5.4105248 ]]
1403
[[ 2.34191056 -2.06022369]]
[[0.33019063 5.32431135]]
1404
[[ 2.46415272 -1.69752153]]
[[0.06683114 4.94347595]]
1405
[[ 2.71214095 -2.22056427]]
[[-0.2657586   5.23636159]]
1406
[[ 2.23675237 -2.62174182]]
[[-0.48246369  5.32392806]]
1407
[[ 2.54893588 -2.5134554 ]]
[[-0.28954703  4.58696187]]
1408
[[ 2.39204939 -2.78509866]]
[[-0.67577866  4.72412359]]
1409
[[ 2.48544123 -3.03423078]]
[[-0.80159137  5.75727183]]
1410
[[ 2.80774596 -2.83344587]]
[[-0.88117951  4.95294242]]
1411
[[ 2.9691916  -2.55837338]]
[[-1.1087993   4.68728633]]
1412
[[ 3.07430082 -2.61151256]]
[[-0.89577457  4.18615965]]
1413
[[ 3.47184959 -2.90654581]]
[[-0.75094769  3.64248127]]
1414
[[ 3.379226   -2.22269105]]
[[-1.04651357  3.4641812 ]]
1415
[[ 2.65606741 -1.85861272]]
[[-1.30355367  3.80866323]]
1416
[[ 2.9637251  -2.16200463]]
[[-1.64028443  3.16609776]]
1417
[[ 2.52923455 -1.97544637]]
[[-1.3443911   3.17973988]]
1418
[[ 2.71748477 -2.36807325]]
[[-0.93962446  3.44850534]]
1419
[[ 2.59162578 -2.30683289]]
[[-0.96141433  3.03829889]]
1420
[[ 2.24467829 -2.36101619]]
[[-0.91361911  2.99735958]]
1421
[[ 2.35698131 -2.15743756]]
[[-0.95289619  3.38252105]]
1422
[[ 2.01126265 -2.35161097]]
[[-0.85797958  3.97684296]]
1423
[[ 1.6176238  -2.47198263]]
[[-0.50820377  3.93555944]]
1424
[[ 1.27258307 -2.23508808]]
[[-0.34816088  3.64729292]]
1425
[[ 1.13917059 -1.98999486]]
[[-0.2367755   3.67621985]]
1426
[[ 1.12816055 -1.76716047]]
[[-0.90340468  3.25617282]]
1427
[[ 1.6935269  -1.50392403]]
[[-0.53510414  2.81578907]]
1428
[[ 1.4069822 -0.7001777]]
[[-0.76891153  2.48687221]]
1429
[[ 1.34302946 -1.06820186]]
[[-1.02493377  2.22145572]]
1430
[[ 1.05032688 -1.070433  ]]
[[-1.30205499  2.60531696]]
1431
[[ 1.56139122 -0.51290823]]
[[-1.39681618  1.95204318]]
1432
[[ 1.91367585 -0.30199503]]
[[-1.13129295  2.06615072]]
1433
[[ 2.10883756 -0.3593095 ]]
[[-0.96348176  1.94026465]]
1434
[[ 1.73313703 -0.21539498]]
[[-1.01265894  2.01015009]]
1435
[[ 1.46299976 -0.15582099]]
[[-0.95617048  2.23142563]]
1436
[[1.42023844 0.0386216 ]]
[[-1.51041224  2.22614834]]
1437
[[1.13602594 0.43235092]]
[[-1.61513647  2.16100735]]
1438
[[0.89341039 0.14288257]]
[[-1.49761625  2.74395086]]
1439
[[0.82259135 0.60190415]]
[[-0.85892088  2.43483045]]
1440
[[0.69022084 0.26934713]]
[[-0.90972533  2.91474804]]
1441
[[ 0.74060594 -0.23588641]]
[[-1.25502811  3.12861528]]
1442
[[0.99623685 0.06105484]]
[[-0.91566959  3.29863631]]
1443
[[1.04730428 0.01042699]]
[[-1.07354772  3.07135152]]
1444
[[ 0.85315669 -0.0485741 ]]
[[-1.20841214  3.37128642]]
1445
[[0.83469347 0.13308096]]
[[-1.03758     3.20682399]]
1446
[[0.75105191 0.64838303]]
[[-0.56525932  3.12478462]]
1447
[[0.93945173 0.82728619]]
[[0.19585135 2.99932299]]
1448
[[0.83644825 1.59722348]]
[[0.54108845 2.58769874]]
1449
[[0.6610214  2.00684249]]
[[0.52193508 2.556555  ]]
1450
[[1.16017241 1.99791522]]
[[0.11498828 2.09302699]]
1451
[[1.43260042 1.71631093]]
[[-0.16620799  1.73619179]]
1452
[[1.35899827 1.58547298]]
[[-0.20403543  1.57099484]]
1453
[[1.131325   2.29371624]]
[[0.63602317 1.22616449]]
1454
[[1.54931567 1.98120022]]
[[0.97022633 0.67975856]]
1455
[[1.65691298 2.35599296]]
[[0.97589875 0.26854178]]
1456
[[1.73584733 1.98870119]]
[[0.82217547 0.44556286]]
1457
[[1.88405697 2.34011578]]
[[0.67283322 0.45192081]]
1458
[[1.92960331 2.09488959]]
[[0.97395287 0.22374   ]]
1459
[[1.70971864 1.99027206]]
[[1.10422292 0.51702189]]
1460
[[1.40758413 2.19769778]]
[[1.35805124 0.17857217]]
1461
[[1.55831426 2.0324424 ]]
[[0.75428826 0.48847562]]
1462
[[2.11038833 1.95142438]]
[[ 0.51827549 -0.02216393]]
1463
[[2.05827888 1.24011627]]
[[ 0.06605241 -0.07271964]]
1464
[[1.75621351 2.14690377]]
[[-0.10016141  0.20917921]]
1465
[[1.98033899 2.00755913]]
[[-0.27292297  0.42053872]]
1466
[[1.95263154 2.12321368]]
[[ 0.08422441 -0.0861595 ]]
1467
[[1.96571736 2.27410413]]
[[ 0.05358515 -0.68394653]]
1468
[[1.87737879 2.25072955]]
[[ 0.407167   -0.70039364]]
1469
[[1.8574768  2.69108032]]
[[ 0.76293426 -1.04251401]]
1470
[[1.590415   3.24952432]]
[[ 1.03934562 -1.21988654]]
1471
[[1.38794708 3.18117361]]
[[ 0.8235475  -0.58674018]]
1472
[[1.35518103 3.17283874]]
[[ 0.81131036 -0.68668762]]
1473
[[1.64944944 2.69883929]]
[[ 0.76527477 -0.75799977]]
1474
[[1.78183187 3.00126847]]
[[ 0.97689869 -0.86937705]]
1475
[[1.9375453  2.90613952]]
[[ 1.3953459  -0.92758408]]
1476
[[2.09343229 3.8468444 ]]
[[ 1.20431879 -1.7968087 ]]
1477
[[2.40575841 4.05557615]]
[[ 0.89646445 -1.91219466]]
1478
[[2.27909235 3.88016101]]
[[ 0.35177004 -1.82241181]]
1479
[[1.66084556 3.74285565]]
[[ 0.26726452 -1.54514207]]
1480
[[1.50192863 3.96028906]]
[[ 0.44608794 -1.29258724]]
1481
[[1.38811125 4.58675954]]
[[ 0.21903004 -0.80632557]]
1482
[[1.35065532 4.77829233]]
[[ 0.3662031  -0.63360261]]
1483
[[1.59090728 5.23523936]]
[[ 0.24102046 -1.00863327]]
1484
[[1.69865194 5.08095434]]
[[-0.0497036  -1.20673398]]
1485
[[1.49132796 4.91519886]]
[[ 0.49242847 -1.63036474]]
1486
[[1.35523564 5.04516812]]
[[-0.07761952 -0.53624153]]
1487
[[1.60260488 5.32183647]]
[[-0.13705499 -0.56083543]]
1488
[[1.30194579 5.44268468]]
[[-0.03048949 -0.64103903]]
1489
[[1.33013894 5.25961261]]
[[ 0.1921285  -0.47723166]]
1490
[[1.0388148  5.30925116]]
[[-0.11584678 -0.50037101]]
1491
[[0.84726327 5.42576967]]
[[0.29198013 0.42573248]]
1492
[[1.17079592 5.51383683]]
[[-0.03911614  0.11961879]]
1493
[[1.07625841 5.35152849]]
[[ 0.2016288  -0.47600888]]
1494
[[1.56964431 5.03474867]]
[[-0.45999505 -0.70999539]]
1495
[[1.81295779 4.99833233]]
[[-1.10099876 -0.85777094]]
1496
[[2.24066896 4.98800934]]
[[-0.8904782  -0.68728977]]
1497
[[1.61631081 5.28345556]]
[[-0.3622475  -0.54843237]]
1498
[[1.71541896 5.74053768]]
[[ 0.29349277 -1.11245101]]
1499
[[2.02069521 6.01090652]]
[[ 0.21249961 -1.22914181]]
1500
[[2.39418184 5.47249526]]
[[ 0.29436188 -1.2684572 ]]
